Copyright 1986-2018 Xilinx, Inc. All Rights Reserved.
-----------------------------------------------------------------------------------------
| Tool Version : Vivado v.2018.3 (lin64) Build 2405991 Thu Dec  6 23:36:41 MST 2018
| Date         : Wed Apr 10 23:18:24 2019
| Host         : YC-YOGA running 64-bit Ubuntu 18.04.2 LTS
| Command      : report_control_sets -verbose -file RegisterFile_control_sets_placed.rpt
| Design       : RegisterFile
| Device       : xc7a100t
-----------------------------------------------------------------------------------------

Control Set Information

Table of Contents
-----------------
1. Summary
2. Histogram
3. Flip-Flop Distribution
4. Detailed Control Set Information

1. Summary
----------

+----------------------------------------------------------+-------+
|                          Status                          | Count |
+----------------------------------------------------------+-------+
| Number of unique control sets                            |     7 |
| Unused register locations in slices containing registers |    28 |
+----------------------------------------------------------+-------+


2. Histogram
------------

+--------+--------------+
| Fanout | Control Sets |
+--------+--------------+
|      4 |            7 |
+--------+--------------+


3. Flip-Flop Distribution
-------------------------

+--------------+-----------------------+------------------------+-----------------+--------------+
| Clock Enable | Synchronous Set/Reset | Asynchronous Set/Reset | Total Registers | Total Slices |
+--------------+-----------------------+------------------------+-----------------+--------------+
| No           | No                    | No                     |               0 |            0 |
| No           | No                    | Yes                    |               0 |            0 |
| No           | Yes                   | No                     |               0 |            0 |
| Yes          | No                    | No                     |              16 |            5 |
| Yes          | No                    | Yes                    |              12 |            3 |
| Yes          | Yes                   | No                     |               0 |            0 |
+--------------+-----------------------+------------------------+-----------------+--------------+


4. Detailed Control Set Information
-----------------------------------

+----------------------+------------------------+------------------+------------------+----------------+
|     Clock Signal     |      Enable Signal     | Set/Reset Signal | Slice Load Count | Bel Load Count |
+----------------------+------------------------+------------------+------------------+----------------+
|  CLK100MHZ_IBUF_BUFG | Register[2][3]_i_1_n_0 | reset_IBUF       |                1 |              4 |
|  CLK100MHZ_IBUF_BUFG | Register               | reset_IBUF       |                1 |              4 |
|  CLK100MHZ_IBUF_BUFG | Register[4][3]_i_1_n_0 |                  |                1 |              4 |
|  CLK100MHZ_IBUF_BUFG | Register[7][3]_i_1_n_0 |                  |                1 |              4 |
|  CLK100MHZ_IBUF_BUFG | Register[3][3]_i_1_n_0 | reset_IBUF       |                1 |              4 |
|  CLK100MHZ_IBUF_BUFG | Register[5][3]_i_1_n_0 |                  |                2 |              4 |
|  CLK100MHZ_IBUF_BUFG | Register[6][3]_i_1_n_0 |                  |                1 |              4 |
+----------------------+------------------------+------------------+------------------+----------------+


