INFO: [VRFC 10-2263] Analyzing Verilog file "/home/lyc/Vivado/lab6/Fibonacci_VGA/Fibonacci_VGA.srcs/sources_1/ip/Memory/sim/Memory.v" into library xil_defaultlib
INFO: [VRFC 10-311] analyzing module Memory
INFO: [VRFC 10-2263] Analyzing Verilog file "/home/lyc/Vivado/lab6/Fibonacci_VGA/Fibonacci_VGA.srcs/sources_1/imports/new/ALU.v" into library xil_defaultlib
INFO: [VRFC 10-311] analyzing module ALU
INFO: [VRFC 10-2263] Analyzing Verilog file "/home/lyc/Vivado/lab6/Fibonacci_VGA/Fibonacci_VGA.srcs/sources_1/imports/new/ALUControl.v" into library xil_defaultlib
INFO: [VRFC 10-311] analyzing module ALUControl
INFO: [VRFC 10-2263] Analyzing Verilog file "/home/lyc/Vivado/lab6/Fibonacci_VGA/Fibonacci_VGA.srcs/sources_1/imports/new/ControlUnit.v" into library xil_defaultlib
INFO: [VRFC 10-311] analyzing module ControlUnit
INFO: [VRFC 10-2263] Analyzing Verilog file "/home/lyc/Vivado/lab6/Fibonacci_VGA/Fibonacci_VGA.srcs/sources_1/new/Extend.v" into library xil_defaultlib
INFO: [VRFC 10-311] analyzing module SignExtend
INFO: [VRFC 10-311] analyzing module ZeroExtend
INFO: [VRFC 10-2263] Analyzing Verilog file "/home/lyc/Vivado/lab6/Fibonacci_VGA/Fibonacci_VGA.srcs/sim_1/imports/sim_1/imports/Vivado/GenerateClock.v" into library xil_defaultlib
INFO: [VRFC 10-311] analyzing module GenerateClock
INFO: [VRFC 10-2263] Analyzing Verilog file "/home/lyc/Vivado/lab6/Fibonacci_VGA/Fibonacci_VGA.srcs/sources_1/imports/new/InstructionRegister.v" into library xil_defaultlib
INFO: [VRFC 10-311] analyzing module InstructionRegister
INFO: [VRFC 10-2263] Analyzing Verilog file "/home/lyc/Vivado/lab6/Fibonacci_VGA/Fibonacci_VGA.srcs/sources_1/imports/new/MUX.v" into library xil_defaultlib
INFO: [VRFC 10-311] analyzing module Multiplexer
INFO: [VRFC 10-2263] Analyzing Verilog file "/home/lyc/Vivado/lab6/Fibonacci_VGA/Fibonacci_VGA.srcs/sources_1/imports/new/MulticycleCPU.v" into library xil_defaultlib
INFO: [VRFC 10-311] analyzing module MulticycleCPU
INFO: [VRFC 10-2263] Analyzing Verilog file "/home/lyc/Vivado/lab6/Fibonacci_VGA/Fibonacci_VGA.srcs/sources_1/imports/new/ProgramCounter.v" into library xil_defaultlib
INFO: [VRFC 10-311] analyzing module ProgramCounter
INFO: [VRFC 10-2263] Analyzing Verilog file "/home/lyc/Vivado/lab6/Fibonacci_VGA/Fibonacci_VGA.srcs/sources_1/imports/new/Register.v" into library xil_defaultlib
INFO: [VRFC 10-311] analyzing module Register
INFO: [VRFC 10-2263] Analyzing Verilog file "/home/lyc/Vivado/lab6/Fibonacci_VGA/Fibonacci_VGA.srcs/sources_1/new/RegisterFile.v" into library xil_defaultlib
INFO: [VRFC 10-311] analyzing module RegisterFile
INFO: [VRFC 10-2263] Analyzing Verilog file "/home/lyc/Vivado/lab6/Fibonacci_VGA/Fibonacci_VGA.srcs/sim_1/imports/sim_1/new/CPU_Mem_tb.v" into library xil_defaultlib
INFO: [VRFC 10-311] analyzing module CPU_Mem_tb
