Copyright 1986-2018 Xilinx, Inc. All Rights Reserved.
------------------------------------------------------------------------------------------
| Tool Version : Vivado v.2018.3 (lin64) Build 2405991 Thu Dec  6 23:36:41 MST 2018
| Date         : Wed May 29 22:23:31 2019
| Host         : YC-YOGA running 64-bit Ubuntu 18.04.2 LTS
| Command      : report_control_sets -verbose -file MouseDemo_top_control_sets_placed.rpt
| Design       : MouseDemo_top
| Device       : xc7a100t
------------------------------------------------------------------------------------------

Control Set Information

Table of Contents
-----------------
1. Summary
2. Histogram
3. Flip-Flop Distribution
4. Detailed Control Set Information

1. Summary
----------

+----------------------------------------------------------+-------+
|                          Status                          | Count |
+----------------------------------------------------------+-------+
| Number of unique control sets                            |    12 |
| Unused register locations in slices containing registers |    58 |
+----------------------------------------------------------+-------+


2. Histogram
------------

+--------+--------------+
| Fanout | Control Sets |
+--------+--------------+
|      1 |            5 |
|      4 |            2 |
|      5 |            1 |
|      6 |            1 |
|      8 |            1 |
|      9 |            1 |
|    16+ |            1 |
+--------+--------------+


3. Flip-Flop Distribution
-------------------------

+--------------+-----------------------+------------------------+-----------------+--------------+
| Clock Enable | Synchronous Set/Reset | Asynchronous Set/Reset | Total Registers | Total Slices |
+--------------+-----------------------+------------------------+-----------------+--------------+
| No           | No                    | No                     |              31 |           11 |
| No           | No                    | Yes                    |               0 |            0 |
| No           | Yes                   | No                     |               8 |            2 |
| Yes          | No                    | No                     |              12 |            5 |
| Yes          | No                    | Yes                    |               0 |            0 |
| Yes          | Yes                   | No                     |              11 |            3 |
+--------------+-----------------------+------------------------+-----------------+--------------+


4. Detailed Control Set Information
-----------------------------------

+-------------------------------------------+----------------------------------------------------+--------------------------------------------+------------------+----------------+
|                Clock Signal               |                    Enable Signal                   |              Set/Reset Signal              | Slice Load Count | Bel Load Count |
+-------------------------------------------+----------------------------------------------------+--------------------------------------------+------------------+----------------+
|  CLK50MHZ                                 |                                                    |                                            |                1 |              1 |
|  CLK50MHZ                                 | Mouse/mouse_data_debounce/delay_i_1__0_n_0         |                                            |                1 |              1 |
|  CLK50MHZ                                 | Mouse/mouse_data_debounce/signal_stable_i_1__0_n_0 |                                            |                1 |              1 |
|  CLK50MHZ                                 | Mouse/mouse_clock_debounce/clear                   |                                            |                1 |              1 |
|  CLK50MHZ                                 | Mouse/mouse_clock_debounce/signal_stable_i_1_n_0   |                                            |                1 |              1 |
|  CLK100MHZ_IBUF_BUFG                      |                                                    | sevenSeg/s[2]                              |                1 |              4 |
|  CLK50MHZ                                 |                                                    | Mouse/mouse_clock_debounce/clear           |                1 |              4 |
|  CLK50MHZ                                 | Mouse/mouse_data_debounce/Count[4]_i_1__0_n_0      | Mouse/mouse_data_debounce/delay_i_1__0_n_0 |                2 |              5 |
| ~Mouse/mouse_clock_debounce/signal_stable | Mouse/Count0                                       | Mouse/Count[5]_i_1_n_0                     |                1 |              6 |
|  Mouse/flag                               | Mouse/status0_carry_n_1                            |                                            |                1 |              8 |
| ~Mouse/mouse_clock_debounce/signal_stable |                                                    |                                            |                4 |              9 |
|  CLK100MHZ_IBUF_BUFG                      |                                                    |                                            |                6 |             21 |
+-------------------------------------------+----------------------------------------------------+--------------------------------------------+------------------+----------------+


