#-----------------------------------------------------------
# Vivado v2018.3 (64-bit)
# SW Build 2405991 on Thu Dec  6 23:36:41 MST 2018
# IP Build 2404404 on Fri Dec  7 01:43:56 MST 2018
# Start of session at: Sat Mar 23 15:10:24 2019
# Process ID: 4466
# Current directory: /home/lyc/Vivado
# Command line: vivado
# Log file: /home/lyc/Vivado/vivado.log
# Journal file: /home/lyc/Vivado/vivado.jou
#-----------------------------------------------------------
start_gui
open_project /home/lyc/Vivado/lab1/ALU/ALU.xpr
Scanning sources...
Finished scanning sources
INFO: [IP_Flow 19-234] Refreshing IP repositories
INFO: [IP_Flow 19-1704] No user IP repositories specified
INFO: [IP_Flow 19-2313] Loaded Vivado IP repository '/opt/Xilinx/Vivado/2018.3/data/ip'.
open_project: Time (s): cpu = 00:00:15 ; elapsed = 00:00:05 . Memory (MB): peak = 6380.578 ; gain = 90.727 ; free physical = 2915 ; free virtual = 9060
update_compile_order -fileset sources_1
launch_simulation
INFO: [Vivado 12-5682] Launching behavioral simulation in '/home/lyc/Vivado/lab1/ALU/ALU.sim/sim_1/behav/xsim'
INFO: [SIM-utils-51] Simulation object is 'sim_1'
INFO: [SIM-utils-54] Inspecting design source files for 'ALU_tb' in fileset 'sim_1'...
INFO: [USF-XSim-97] Finding global include files...
INFO: [USF-XSim-98] Fetching design files from 'sim_1'...
INFO: [USF-XSim-2] XSim::Compile design
INFO: [USF-XSim-61] Executing 'COMPILE and ANALYZE' step in '/home/lyc/Vivado/lab1/ALU/ALU.sim/sim_1/behav/xsim'
xvlog --incr --relax -prj ALU_tb_vlog.prj
INFO: [VRFC 10-2263] Analyzing Verilog file "/home/lyc/Vivado/lab1/ALU/ALU.srcs/sources_1/imports/new/ALU.v" into library xil_defaultlib
INFO: [VRFC 10-311] analyzing module ALU
INFO: [VRFC 10-2263] Analyzing Verilog file "/home/lyc/Vivado/lab1/ALU/ALU.srcs/sim_1/imports/new/ALU_tb.v" into library xil_defaultlib
INFO: [VRFC 10-311] analyzing module ALU_tb
INFO: [USF-XSim-69] 'compile' step finished in '1' seconds
INFO: [USF-XSim-3] XSim::Elaborate design
INFO: [USF-XSim-61] Executing 'ELABORATE' step in '/home/lyc/Vivado/lab1/ALU/ALU.sim/sim_1/behav/xsim'
Vivado Simulator 2018.3
Copyright 1986-1999, 2001-2018 Xilinx, Inc. All Rights Reserved.
Running: /opt/Xilinx/Vivado/2018.3/bin/unwrapped/lnx64.o/xelab -wto a6a33d11e80f4079810b20e18582243b --incr --debug typical --relax --mt 8 -L xil_defaultlib -L unisims_ver -L unimacro_ver -L secureip --snapshot ALU_tb_behav xil_defaultlib.ALU_tb xil_defaultlib.glbl -log elaborate.log 
Using 8 slave threads.
Starting static elaboration
Completed static elaboration
Starting simulation data flow analysis
Completed simulation data flow analysis
Time Resolution for simulation is 1ps
Compiling module xil_defaultlib.ALU
Compiling module xil_defaultlib.ALU_tb
Compiling module xil_defaultlib.glbl
Built simulation snapshot ALU_tb_behav

****** Webtalk v2018.3 (64-bit)
  **** SW Build 2405991 on Thu Dec  6 23:36:41 MST 2018
  **** IP Build 2404404 on Fri Dec  7 01:43:56 MST 2018
    ** Copyright 1986-2018 Xilinx, Inc. All Rights Reserved.

source /home/lyc/Vivado/lab1/ALU/ALU.sim/sim_1/behav/xsim/xsim.dir/ALU_tb_behav/webtalk/xsim_webtalk.tcl -notrace
INFO: [Common 17-206] Exiting Webtalk at Sat Mar 23 15:13:54 2019...
INFO: [USF-XSim-69] 'elaborate' step finished in '2' seconds
INFO: [USF-XSim-4] XSim::Simulate design
INFO: [USF-XSim-61] Executing 'SIMULATE' step in '/home/lyc/Vivado/lab1/ALU/ALU.sim/sim_1/behav/xsim'
INFO: [USF-XSim-98] *** Running xsim
   with args "ALU_tb_behav -key {Behavioral:sim_1:Functional:ALU_tb} -tclbatch {ALU_tb.tcl} -log {simulate.log}"
INFO: [USF-XSim-8] Loading simulator feature
Vivado Simulator 2018.3
Time resolution is 1 ps
source ALU_tb.tcl
# set curr_wave [current_wave_config]
# if { [string length $curr_wave] == 0 } {
#   if { [llength [get_objects]] > 0} {
#     add_wave /
#     set_property needs_save false [current_wave_config]
#   } else {
#      send_msg_id Add_Wave-1 WARNING "No top level signals found. Simulator will start without a wave window. If you want to open a wave window go to 'File->New Waveform Configuration' or type 'create_wave_config' in the TCL console."
#   }
# }
# run 200ns
INFO: [USF-XSim-96] XSim completed. Design snapshot 'ALU_tb_behav' loaded.
INFO: [USF-XSim-97] XSim simulation ran for 200ns
launch_simulation: Time (s): cpu = 00:00:12 ; elapsed = 00:00:08 . Memory (MB): peak = 6513.242 ; gain = 76.238 ; free physical = 2744 ; free virtual = 9018
close_sim
INFO: [Simtcl 6-16] Simulation closed
launch_simulation
INFO: [Vivado 12-5682] Launching behavioral simulation in '/home/lyc/Vivado/lab1/ALU/ALU.sim/sim_1/behav/xsim'
INFO: [SIM-utils-51] Simulation object is 'sim_1'
INFO: [SIM-utils-54] Inspecting design source files for 'ALU_tb' in fileset 'sim_1'...
INFO: [USF-XSim-97] Finding global include files...
INFO: [USF-XSim-98] Fetching design files from 'sim_1'...
INFO: [USF-XSim-2] XSim::Compile design
INFO: [USF-XSim-61] Executing 'COMPILE and ANALYZE' step in '/home/lyc/Vivado/lab1/ALU/ALU.sim/sim_1/behav/xsim'
xvlog --incr --relax -prj ALU_tb_vlog.prj
INFO: [VRFC 10-2263] Analyzing Verilog file "/home/lyc/Vivado/lab1/ALU/ALU.srcs/sources_1/imports/new/ALU.v" into library xil_defaultlib
INFO: [VRFC 10-311] analyzing module ALU
INFO: [VRFC 10-2263] Analyzing Verilog file "/home/lyc/Vivado/lab1/ALU/ALU.srcs/sim_1/imports/new/ALU_tb.v" into library xil_defaultlib
INFO: [VRFC 10-311] analyzing module ALU_tb
INFO: [USF-XSim-69] 'compile' step finished in '1' seconds
INFO: [USF-XSim-3] XSim::Elaborate design
INFO: [USF-XSim-61] Executing 'ELABORATE' step in '/home/lyc/Vivado/lab1/ALU/ALU.sim/sim_1/behav/xsim'
Vivado Simulator 2018.3
Copyright 1986-1999, 2001-2018 Xilinx, Inc. All Rights Reserved.
Running: /opt/Xilinx/Vivado/2018.3/bin/unwrapped/lnx64.o/xelab -wto a6a33d11e80f4079810b20e18582243b --incr --debug typical --relax --mt 8 -L xil_defaultlib -L unisims_ver -L unimacro_ver -L secureip --snapshot ALU_tb_behav xil_defaultlib.ALU_tb xil_defaultlib.glbl -log elaborate.log 
Using 8 slave threads.
Starting static elaboration
Completed static elaboration
Starting simulation data flow analysis
Completed simulation data flow analysis
Time Resolution for simulation is 1ps
Compiling module xil_defaultlib.ALU
Compiling module xil_defaultlib.ALU_tb
Compiling module xil_defaultlib.glbl
Built simulation snapshot ALU_tb_behav
INFO: [USF-XSim-69] 'elaborate' step finished in '1' seconds
INFO: [USF-XSim-4] XSim::Simulate design
INFO: [USF-XSim-61] Executing 'SIMULATE' step in '/home/lyc/Vivado/lab1/ALU/ALU.sim/sim_1/behav/xsim'
INFO: [USF-XSim-98] *** Running xsim
   with args "ALU_tb_behav -key {Behavioral:sim_1:Functional:ALU_tb} -tclbatch {ALU_tb.tcl} -log {simulate.log}"
INFO: [USF-XSim-8] Loading simulator feature
Vivado Simulator 2018.3
Time resolution is 1 ps
source ALU_tb.tcl
# set curr_wave [current_wave_config]
# if { [string length $curr_wave] == 0 } {
#   if { [llength [get_objects]] > 0} {
#     add_wave /
#     set_property needs_save false [current_wave_config]
#   } else {
#      send_msg_id Add_Wave-1 WARNING "No top level signals found. Simulator will start without a wave window. If you want to open a wave window go to 'File->New Waveform Configuration' or type 'create_wave_config' in the TCL console."
#   }
# }
# run 200ns
INFO: [USF-XSim-96] XSim completed. Design snapshot 'ALU_tb_behav' loaded.
INFO: [USF-XSim-97] XSim simulation ran for 200ns
close_sim
INFO: [Simtcl 6-16] Simulation closed
launch_simulation
INFO: [Vivado 12-5682] Launching behavioral simulation in '/home/lyc/Vivado/lab1/ALU/ALU.sim/sim_1/behav/xsim'
INFO: [SIM-utils-51] Simulation object is 'sim_1'
INFO: [SIM-utils-54] Inspecting design source files for 'ALU_tb' in fileset 'sim_1'...
INFO: [USF-XSim-97] Finding global include files...
INFO: [USF-XSim-98] Fetching design files from 'sim_1'...
INFO: [USF-XSim-2] XSim::Compile design
INFO: [USF-XSim-61] Executing 'COMPILE and ANALYZE' step in '/home/lyc/Vivado/lab1/ALU/ALU.sim/sim_1/behav/xsim'
xvlog --incr --relax -prj ALU_tb_vlog.prj
INFO: [VRFC 10-2263] Analyzing Verilog file "/home/lyc/Vivado/lab1/ALU/ALU.srcs/sources_1/imports/new/ALU.v" into library xil_defaultlib
INFO: [VRFC 10-311] analyzing module ALU
INFO: [VRFC 10-2263] Analyzing Verilog file "/home/lyc/Vivado/lab1/ALU/ALU.srcs/sim_1/imports/new/ALU_tb.v" into library xil_defaultlib
INFO: [VRFC 10-311] analyzing module ALU_tb
INFO: [USF-XSim-69] 'compile' step finished in '1' seconds
INFO: [USF-XSim-3] XSim::Elaborate design
INFO: [USF-XSim-61] Executing 'ELABORATE' step in '/home/lyc/Vivado/lab1/ALU/ALU.sim/sim_1/behav/xsim'
Vivado Simulator 2018.3
Copyright 1986-1999, 2001-2018 Xilinx, Inc. All Rights Reserved.
Running: /opt/Xilinx/Vivado/2018.3/bin/unwrapped/lnx64.o/xelab -wto a6a33d11e80f4079810b20e18582243b --incr --debug typical --relax --mt 8 -L xil_defaultlib -L unisims_ver -L unimacro_ver -L secureip --snapshot ALU_tb_behav xil_defaultlib.ALU_tb xil_defaultlib.glbl -log elaborate.log 
Using 8 slave threads.
Starting static elaboration
Completed static elaboration
Starting simulation data flow analysis
Completed simulation data flow analysis
Time Resolution for simulation is 1ps
Compiling module xil_defaultlib.ALU
Compiling module xil_defaultlib.ALU_tb
Compiling module xil_defaultlib.glbl
Built simulation snapshot ALU_tb_behav
INFO: [USF-XSim-69] 'elaborate' step finished in '1' seconds
INFO: [USF-XSim-4] XSim::Simulate design
INFO: [USF-XSim-61] Executing 'SIMULATE' step in '/home/lyc/Vivado/lab1/ALU/ALU.sim/sim_1/behav/xsim'
INFO: [USF-XSim-98] *** Running xsim
   with args "ALU_tb_behav -key {Behavioral:sim_1:Functional:ALU_tb} -tclbatch {ALU_tb.tcl} -log {simulate.log}"
INFO: [USF-XSim-8] Loading simulator feature
Vivado Simulator 2018.3
Time resolution is 1 ps
source ALU_tb.tcl
# set curr_wave [current_wave_config]
# if { [string length $curr_wave] == 0 } {
#   if { [llength [get_objects]] > 0} {
#     add_wave /
#     set_property needs_save false [current_wave_config]
#   } else {
#      send_msg_id Add_Wave-1 WARNING "No top level signals found. Simulator will start without a wave window. If you want to open a wave window go to 'File->New Waveform Configuration' or type 'create_wave_config' in the TCL console."
#   }
# }
# run 200ns
INFO: [USF-XSim-96] XSim completed. Design snapshot 'ALU_tb_behav' loaded.
INFO: [USF-XSim-97] XSim simulation ran for 200ns
WARNING: [IP_Flow 19-3899] Cannot get the environment domain name variable for the component vendor name. Setting the vendor name to 'user.org'.
set_property -name {xsim.simulate.runtime} -value {250ns} -objects [get_filesets sim_1]
WARNING: [IP_Flow 19-3899] Cannot get the environment domain name variable for the component vendor name. Setting the vendor name to 'user.org'.
WARNING: [filemgmt 56-199] Attempt to get parsing info during refresh. "On-the-fly" syntax checking information may be incorrect. [/home/lyc/Vivado/lab1/ALU/ALU.srcs/sources_1/imports/new/ALU.v:]
WARNING: [filemgmt 56-199] Attempt to get parsing info during refresh. "On-the-fly" syntax checking information may be incorrect. [/home/lyc/Vivado/lab1/ALU/ALU.srcs/sim_1/imports/new/ALU_tb.v:]
WARNING: [IP_Flow 19-3899] Cannot get the environment domain name variable for the component vendor name. Setting the vendor name to 'user.org'.
close_sim
INFO: [Simtcl 6-16] Simulation closed
launch_simulation
INFO: [Vivado 12-5682] Launching behavioral simulation in '/home/lyc/Vivado/lab1/ALU/ALU.sim/sim_1/behav/xsim'
INFO: [SIM-utils-51] Simulation object is 'sim_1'
INFO: [SIM-utils-54] Inspecting design source files for 'ALU_tb' in fileset 'sim_1'...
INFO: [USF-XSim-97] Finding global include files...
INFO: [USF-XSim-98] Fetching design files from 'sim_1'...
INFO: [USF-XSim-2] XSim::Compile design
INFO: [USF-XSim-61] Executing 'COMPILE and ANALYZE' step in '/home/lyc/Vivado/lab1/ALU/ALU.sim/sim_1/behav/xsim'
xvlog --incr --relax -prj ALU_tb_vlog.prj
INFO: [USF-XSim-69] 'compile' step finished in '1' seconds
INFO: [USF-XSim-3] XSim::Elaborate design
INFO: [USF-XSim-61] Executing 'ELABORATE' step in '/home/lyc/Vivado/lab1/ALU/ALU.sim/sim_1/behav/xsim'
Vivado Simulator 2018.3
Copyright 1986-1999, 2001-2018 Xilinx, Inc. All Rights Reserved.
Running: /opt/Xilinx/Vivado/2018.3/bin/unwrapped/lnx64.o/xelab -wto a6a33d11e80f4079810b20e18582243b --incr --debug typical --relax --mt 8 -L xil_defaultlib -L unisims_ver -L unimacro_ver -L secureip --snapshot ALU_tb_behav xil_defaultlib.ALU_tb xil_defaultlib.glbl -log elaborate.log 
Using 8 slave threads.
Starting static elaboration
Completed static elaboration
INFO: [XSIM 43-4323] No Change in HDL. Linking previously generated obj files to create kernel
INFO: [USF-XSim-69] 'elaborate' step finished in '0' seconds
INFO: [USF-XSim-4] XSim::Simulate design
INFO: [USF-XSim-61] Executing 'SIMULATE' step in '/home/lyc/Vivado/lab1/ALU/ALU.sim/sim_1/behav/xsim'
INFO: [USF-XSim-98] *** Running xsim
   with args "ALU_tb_behav -key {Behavioral:sim_1:Functional:ALU_tb} -tclbatch {ALU_tb.tcl} -log {simulate.log}"
INFO: [USF-XSim-8] Loading simulator feature
Vivado Simulator 2018.3
Time resolution is 1 ps
source ALU_tb.tcl
# set curr_wave [current_wave_config]
# if { [string length $curr_wave] == 0 } {
#   if { [llength [get_objects]] > 0} {
#     add_wave /
#     set_property needs_save false [current_wave_config]
#   } else {
#      send_msg_id Add_Wave-1 WARNING "No top level signals found. Simulator will start without a wave window. If you want to open a wave window go to 'File->New Waveform Configuration' or type 'create_wave_config' in the TCL console."
#   }
# }
# run 250ns
INFO: [USF-XSim-96] XSim completed. Design snapshot 'ALU_tb_behav' loaded.
INFO: [USF-XSim-97] XSim simulation ran for 250ns
WARNING: [IP_Flow 19-3899] Cannot get the environment domain name variable for the component vendor name. Setting the vendor name to 'user.org'.
set_property -name {xsim.simulate.runtime} -value {180ns} -objects [get_filesets sim_1]
WARNING: [IP_Flow 19-3899] Cannot get the environment domain name variable for the component vendor name. Setting the vendor name to 'user.org'.
WARNING: [IP_Flow 19-3899] Cannot get the environment domain name variable for the component vendor name. Setting the vendor name to 'user.org'.
close_sim
INFO: [Simtcl 6-16] Simulation closed
launch_simulation
INFO: [Vivado 12-5682] Launching behavioral simulation in '/home/lyc/Vivado/lab1/ALU/ALU.sim/sim_1/behav/xsim'
INFO: [SIM-utils-51] Simulation object is 'sim_1'
INFO: [SIM-utils-54] Inspecting design source files for 'ALU_tb' in fileset 'sim_1'...
INFO: [USF-XSim-97] Finding global include files...
INFO: [USF-XSim-98] Fetching design files from 'sim_1'...
INFO: [USF-XSim-2] XSim::Compile design
INFO: [USF-XSim-61] Executing 'COMPILE and ANALYZE' step in '/home/lyc/Vivado/lab1/ALU/ALU.sim/sim_1/behav/xsim'
xvlog --incr --relax -prj ALU_tb_vlog.prj
INFO: [VRFC 10-2263] Analyzing Verilog file "/home/lyc/Vivado/lab1/ALU/ALU.srcs/sources_1/imports/new/ALU.v" into library xil_defaultlib
INFO: [VRFC 10-311] analyzing module ALU
INFO: [VRFC 10-2263] Analyzing Verilog file "/home/lyc/Vivado/lab1/ALU/ALU.srcs/sim_1/imports/new/ALU_tb.v" into library xil_defaultlib
INFO: [VRFC 10-311] analyzing module ALU_tb
INFO: [USF-XSim-69] 'compile' step finished in '1' seconds
INFO: [USF-XSim-3] XSim::Elaborate design
INFO: [USF-XSim-61] Executing 'ELABORATE' step in '/home/lyc/Vivado/lab1/ALU/ALU.sim/sim_1/behav/xsim'
Vivado Simulator 2018.3
Copyright 1986-1999, 2001-2018 Xilinx, Inc. All Rights Reserved.
Running: /opt/Xilinx/Vivado/2018.3/bin/unwrapped/lnx64.o/xelab -wto a6a33d11e80f4079810b20e18582243b --incr --debug typical --relax --mt 8 -L xil_defaultlib -L unisims_ver -L unimacro_ver -L secureip --snapshot ALU_tb_behav xil_defaultlib.ALU_tb xil_defaultlib.glbl -log elaborate.log 
Using 8 slave threads.
Starting static elaboration
Completed static elaboration
Starting simulation data flow analysis
Completed simulation data flow analysis
Time Resolution for simulation is 1ps
Compiling module xil_defaultlib.ALU
Compiling module xil_defaultlib.ALU_tb
Compiling module xil_defaultlib.glbl
Built simulation snapshot ALU_tb_behav
INFO: [USF-XSim-69] 'elaborate' step finished in '1' seconds
INFO: [USF-XSim-4] XSim::Simulate design
INFO: [USF-XSim-61] Executing 'SIMULATE' step in '/home/lyc/Vivado/lab1/ALU/ALU.sim/sim_1/behav/xsim'
INFO: [USF-XSim-98] *** Running xsim
   with args "ALU_tb_behav -key {Behavioral:sim_1:Functional:ALU_tb} -tclbatch {ALU_tb.tcl} -log {simulate.log}"
INFO: [USF-XSim-8] Loading simulator feature
Vivado Simulator 2018.3
Time resolution is 1 ps
source ALU_tb.tcl
# set curr_wave [current_wave_config]
# if { [string length $curr_wave] == 0 } {
#   if { [llength [get_objects]] > 0} {
#     add_wave /
#     set_property needs_save false [current_wave_config]
#   } else {
#      send_msg_id Add_Wave-1 WARNING "No top level signals found. Simulator will start without a wave window. If you want to open a wave window go to 'File->New Waveform Configuration' or type 'create_wave_config' in the TCL console."
#   }
# }
# run 180ns
INFO: [USF-XSim-96] XSim completed. Design snapshot 'ALU_tb_behav' loaded.
INFO: [USF-XSim-97] XSim simulation ran for 180ns
synth_design -rtl -name rtl_1
Command: synth_design -rtl -name rtl_1
Starting synth_design
Using part: xc7a100tcsg324-1
Top: ALU
---------------------------------------------------------------------------------
Starting RTL Elaboration : Time (s): cpu = 00:00:02 ; elapsed = 00:00:02 . Memory (MB): peak = 6588.352 ; gain = 11.000 ; free physical = 2358 ; free virtual = 8706
---------------------------------------------------------------------------------
INFO: [Synth 8-6157] synthesizing module 'ALU' [/home/lyc/Vivado/lab1/ALU/ALU.srcs/sources_1/imports/new/ALU.v:23]
	Parameter N bound to: 6 - type: integer 
	Parameter M bound to: 3 - type: integer 
	Parameter K bound to: 4 - type: integer 
INFO: [Synth 8-6155] done synthesizing module 'ALU' (1#1) [/home/lyc/Vivado/lab1/ALU/ALU.srcs/sources_1/imports/new/ALU.v:23]
---------------------------------------------------------------------------------
Finished RTL Elaboration : Time (s): cpu = 00:00:02 ; elapsed = 00:00:03 . Memory (MB): peak = 6622.602 ; gain = 45.250 ; free physical = 2378 ; free virtual = 8726
---------------------------------------------------------------------------------

Report Check Netlist: 
+------+------------------+-------+---------+-------+------------------+
|      |Item              |Errors |Warnings |Status |Description       |
+------+------------------+-------+---------+-------+------------------+
|1     |multi_driven_nets |      0|        0|Passed |Multi driven nets |
+------+------------------+-------+---------+-------+------------------+
---------------------------------------------------------------------------------
Start Handling Custom Attributes
---------------------------------------------------------------------------------
---------------------------------------------------------------------------------
Finished Handling Custom Attributes : Time (s): cpu = 00:00:03 ; elapsed = 00:00:03 . Memory (MB): peak = 6622.602 ; gain = 45.250 ; free physical = 2376 ; free virtual = 8724
---------------------------------------------------------------------------------
---------------------------------------------------------------------------------
Finished RTL Optimization Phase 1 : Time (s): cpu = 00:00:03 ; elapsed = 00:00:03 . Memory (MB): peak = 6622.602 ; gain = 45.250 ; free physical = 2376 ; free virtual = 8724
---------------------------------------------------------------------------------
INFO: [Device 21-403] Loading part xc7a100tcsg324-1
INFO: [Project 1-570] Preparing netlist for logic optimization

Processing XDC Constraints
Initializing timing engine
Parsing XDC File [/home/lyc/Vivado/lab1/ALU/ALU.srcs/constrs_1/imports/Vivado/Nexys4DDR_Master.xdc]
Finished Parsing XDC File [/home/lyc/Vivado/lab1/ALU/ALU.srcs/constrs_1/imports/Vivado/Nexys4DDR_Master.xdc]
Completed Processing XDC Constraints

INFO: [Opt 31-138] Pushed 0 inverter(s) to 0 load pin(s).
Netlist sorting complete. Time (s): cpu = 00:00:00 ; elapsed = 00:00:00 . Memory (MB): peak = 6920.891 ; gain = 0.000 ; free physical = 2092 ; free virtual = 8475
INFO: [Project 1-111] Unisim Transformation Summary:
No Unisim elements were transformed.

RTL Elaboration Complete:  : Time (s): cpu = 00:00:15 ; elapsed = 00:00:10 . Memory (MB): peak = 6987.309 ; gain = 409.957 ; free physical = 2003 ; free virtual = 8383
6 Infos, 0 Warnings, 0 Critical Warnings and 0 Errors encountered.
synth_design completed successfully
synth_design: Time (s): cpu = 00:00:15 ; elapsed = 00:00:10 . Memory (MB): peak = 6987.309 ; gain = 409.957 ; free physical = 2003 ; free virtual = 8383
close_sim
INFO: [Simtcl 6-16] Simulation closed
exit
INFO: [Common 17-206] Exiting Vivado at Sat Mar 23 16:57:28 2019...
