Copyright 1986-2018 Xilinx, Inc. All Rights Reserved.
------------------------------------------------------------------------------------
| Tool Version : Vivado v.2018.3 (lin64) Build 2405991 Thu Dec  6 23:36:41 MST 2018
| Date         : Fri Mar 29 12:10:43 2019
| Host         : YC-YOGA running 64-bit Ubuntu 18.04.2 LTS
| Command      : report_control_sets -verbose -file Sort_control_sets_placed.rpt
| Design       : Sort
| Device       : xc7a100t
------------------------------------------------------------------------------------

Control Set Information

Table of Contents
-----------------
1. Summary
2. Histogram
3. Flip-Flop Distribution
4. Detailed Control Set Information

1. Summary
----------

+----------------------------------------------------------+-------+
|                          Status                          | Count |
+----------------------------------------------------------+-------+
| Number of unique control sets                            |    49 |
| Unused register locations in slices containing registers |   340 |
+----------------------------------------------------------+-------+


2. Histogram
------------

+--------+--------------+
| Fanout | Control Sets |
+--------+--------------+
|      1 |           48 |
|      4 |            1 |
+--------+--------------+


3. Flip-Flop Distribution
-------------------------

+--------------+-----------------------+------------------------+-----------------+--------------+
| Clock Enable | Synchronous Set/Reset | Asynchronous Set/Reset | Total Registers | Total Slices |
+--------------+-----------------------+------------------------+-----------------+--------------+
| No           | No                    | No                     |               0 |            0 |
| No           | No                    | Yes                    |              20 |           18 |
| No           | Yes                   | No                     |              16 |           16 |
| Yes          | No                    | No                     |               0 |            0 |
| Yes          | No                    | Yes                    |              16 |           16 |
| Yes          | Yes                   | No                     |               0 |            0 |
+--------------+-----------------------+------------------------+-----------------+--------------+


4. Detailed Control Set Information
-----------------------------------

+------------------------+-----------------+-----------------------+------------------+----------------+
|      Clock Signal      |  Enable Signal  |    Set/Reset Signal   | Slice Load Count | Bel Load Count |
+------------------------+-----------------+-----------------------+------------------+----------------+
|  s1_reg[0]_LDC_i_1_n_0 |                 | s1_reg[0]_LDC_i_2_n_0 |                1 |              1 |
|  clock_IBUF_BUFG       | s2[3]_P_i_1_n_0 | s2_reg[0]_LDC_i_1_n_0 |                1 |              1 |
|  clock_IBUF_BUFG       | s2[3]_P_i_1_n_0 | s2_reg[1]_LDC_i_1_n_0 |                1 |              1 |
|  clock_IBUF_BUFG       | s2[3]_P_i_1_n_0 | s2_reg[2]_LDC_i_1_n_0 |                1 |              1 |
|  clock_IBUF_BUFG       | s2[3]_P_i_1_n_0 | s2_reg[3]_LDC_i_1_n_0 |                1 |              1 |
|  clock_IBUF_BUFG       | s3[3]_P_i_1_n_0 | s3_reg[0]_LDC_i_1_n_0 |                1 |              1 |
|  clock_IBUF_BUFG       | s3[3]_P_i_1_n_0 | s3_reg[1]_LDC_i_1_n_0 |                1 |              1 |
|  clock_IBUF_BUFG       | s3[3]_P_i_1_n_0 | s3_reg[2]_LDC_i_1_n_0 |                1 |              1 |
|  clock_IBUF_BUFG       | s3[3]_P_i_1_n_0 | s3_reg[3]_LDC_i_1_n_0 |                1 |              1 |
|  s0_reg[0]_LDC_i_1_n_0 |                 | s0_reg[0]_LDC_i_2_n_0 |                1 |              1 |
|  s0_reg[1]_LDC_i_1_n_0 |                 | s0_reg[1]_LDC_i_2_n_0 |                1 |              1 |
|  s0_reg[2]_LDC_i_1_n_0 |                 | s0_reg[2]_LDC_i_2_n_0 |                1 |              1 |
|  s0_reg[3]_LDC_i_1_n_0 |                 | s0_reg[3]_LDC_i_2_n_0 |                1 |              1 |
|  clock_IBUF_BUFG       | s1[3]_P_i_1_n_0 | s1_reg[3]_LDC_i_1_n_0 |                1 |              1 |
|  s1_reg[1]_LDC_i_1_n_0 |                 | s1_reg[1]_LDC_i_2_n_0 |                1 |              1 |
|  s1_reg[2]_LDC_i_1_n_0 |                 | s1_reg[2]_LDC_i_2_n_0 |                1 |              1 |
|  s1_reg[3]_LDC_i_1_n_0 |                 | s1_reg[3]_LDC_i_2_n_0 |                1 |              1 |
|  s2_reg[0]_LDC_i_1_n_0 |                 | s2_reg[0]_LDC_i_2_n_0 |                1 |              1 |
|  s2_reg[1]_LDC_i_1_n_0 |                 | s2_reg[1]_LDC_i_2_n_0 |                1 |              1 |
|  s2_reg[2]_LDC_i_1_n_0 |                 | s2_reg[2]_LDC_i_2_n_0 |                1 |              1 |
|  s2_reg[3]_LDC_i_1_n_0 |                 | s2_reg[3]_LDC_i_2_n_0 |                1 |              1 |
|  s3_reg[0]_LDC_i_1_n_0 |                 | s3_reg[0]_LDC_i_2_n_0 |                1 |              1 |
|  s3_reg[1]_LDC_i_1_n_0 |                 | s3_reg[1]_LDC_i_2_n_0 |                1 |              1 |
|  s3_reg[2]_LDC_i_1_n_0 |                 | s3_reg[2]_LDC_i_2_n_0 |                1 |              1 |
|  s3_reg[3]_LDC_i_1_n_0 |                 | s3_reg[3]_LDC_i_2_n_0 |                1 |              1 |
|  clock_IBUF_BUFG       |                 | s2_reg[3]_LDC_i_2_n_0 |                1 |              1 |
|  clock_IBUF_BUFG       |                 | s0_reg[0]_LDC_i_2_n_0 |                1 |              1 |
|  clock_IBUF_BUFG       |                 | s0_reg[1]_LDC_i_2_n_0 |                1 |              1 |
|  clock_IBUF_BUFG       |                 | s0_reg[2]_LDC_i_2_n_0 |                1 |              1 |
|  clock_IBUF_BUFG       |                 | s0_reg[3]_LDC_i_2_n_0 |                1 |              1 |
|  clock_IBUF_BUFG       |                 | s1_reg[0]_LDC_i_2_n_0 |                1 |              1 |
|  clock_IBUF_BUFG       |                 | s1_reg[1]_LDC_i_2_n_0 |                1 |              1 |
|  clock_IBUF_BUFG       |                 | s1_reg[2]_LDC_i_2_n_0 |                1 |              1 |
|  clock_IBUF_BUFG       |                 | s1_reg[3]_LDC_i_2_n_0 |                1 |              1 |
|  clock_IBUF_BUFG       |                 | s2_reg[0]_LDC_i_2_n_0 |                1 |              1 |
|  clock_IBUF_BUFG       |                 | s2_reg[1]_LDC_i_2_n_0 |                1 |              1 |
|  clock_IBUF_BUFG       |                 | s2_reg[2]_LDC_i_2_n_0 |                1 |              1 |
|  clock_IBUF_BUFG       |                 | s3_reg[0]_LDC_i_2_n_0 |                1 |              1 |
|  clock_IBUF_BUFG       |                 | s3_reg[1]_LDC_i_2_n_0 |                1 |              1 |
|  clock_IBUF_BUFG       |                 | s3_reg[2]_LDC_i_2_n_0 |                1 |              1 |
|  clock_IBUF_BUFG       |                 | s3_reg[3]_LDC_i_2_n_0 |                1 |              1 |
|  clock_IBUF_BUFG       | s0[3]_P_i_1_n_0 | s0_reg[0]_LDC_i_1_n_0 |                1 |              1 |
|  clock_IBUF_BUFG       | s0[3]_P_i_1_n_0 | s0_reg[1]_LDC_i_1_n_0 |                1 |              1 |
|  clock_IBUF_BUFG       | s0[3]_P_i_1_n_0 | s0_reg[2]_LDC_i_1_n_0 |                1 |              1 |
|  clock_IBUF_BUFG       | s0[3]_P_i_1_n_0 | s0_reg[3]_LDC_i_1_n_0 |                1 |              1 |
|  clock_IBUF_BUFG       | s1[3]_P_i_1_n_0 | s1_reg[0]_LDC_i_1_n_0 |                1 |              1 |
|  clock_IBUF_BUFG       | s1[3]_P_i_1_n_0 | s1_reg[1]_LDC_i_1_n_0 |                1 |              1 |
|  clock_IBUF_BUFG       | s1[3]_P_i_1_n_0 | s1_reg[2]_LDC_i_1_n_0 |                1 |              1 |
|  clock_IBUF_BUFG       |                 | reset_IBUF            |                2 |              4 |
+------------------------+-----------------+-----------------------+------------------+----------------+


