#-----------------------------------------------------------
# Vivado v2018.3 (64-bit)
# SW Build 2405991 on Thu Dec  6 23:38:27 MST 2018
# IP Build 2404404 on Fri Dec  7 01:43:56 MST 2018
# Start of session at: Wed May 29 21:48:00 2019
# Process ID: 8736
# Current directory: F:/COD/CPUsort
# Command line: vivado.exe -gui_launcher_event rodinguilauncherevent10568 F:\COD\CPUsort\CPU.xpr
# Log file: F:/COD/CPUsort/vivado.log
# Journal file: F:/COD/CPUsort\vivado.jou
#-----------------------------------------------------------
start_gui
open_project F:/COD/CPUsort/CPU.xpr
Scanning sources...
Finished scanning sources
INFO: [IP_Flow 19-234] Refreshing IP repositories
INFO: [IP_Flow 19-1704] No user IP repositories specified
INFO: [IP_Flow 19-2313] Loaded Vivado IP repository 'F:/Xillinx/Vivado/2018.3/data/ip'.
open_project: Time (s): cpu = 00:00:16 ; elapsed = 00:00:08 . Memory (MB): peak = 712.340 ; gain = 104.371
update_compile_order -fileset sources_1
export_ip_user_files -of_objects  [get_files F:/COD/CPUsort/CPU.srcs/sources_1/new/vga_ctrl.v] -no_script -reset -force -quiet
remove_files  F:/COD/CPUsort/CPU.srcs/sources_1/new/vga_ctrl.v
file delete -force F:/COD/CPUsort/CPU.srcs/sources_1/new/vga_ctrl.v
export_ip_user_files -of_objects  [get_files F:/COD/CPUsort/CPU.srcs/sources_1/new/text_graph.v] -no_script -reset -force -quiet
remove_files  F:/COD/CPUsort/CPU.srcs/sources_1/new/text_graph.v
file delete -force F:/COD/CPUsort/CPU.srcs/sources_1/new/text_graph.v
export_ip_user_files -of_objects  [get_files F:/COD/CPUsort/CPU.srcs/sources_1/new/font_rom.v] -no_script -reset -force -quiet
remove_files  F:/COD/CPUsort/CPU.srcs/sources_1/new/font_rom.v
file delete -force F:/COD/CPUsort/CPU.srcs/sources_1/new/font_rom.v
export_ip_user_files -of_objects  [get_files F:/COD/CPUsort/CPU.srcs/sources_1/new/vga_sync.v] -no_script -reset -force -quiet
remove_files  F:/COD/CPUsort/CPU.srcs/sources_1/new/vga_sync.v
file delete -force F:/COD/CPUsort/CPU.srcs/sources_1/new/vga_sync.v
reset_run synth_1
launch_runs impl_1 -to_step write_bitstream -jobs 4
[Wed May 29 21:49:09 2019] Launched synth_1...
Run output will be captured here: F:/COD/CPUsort/CPU.runs/synth_1/runme.log
[Wed May 29 21:49:09 2019] Launched impl_1...
Run output will be captured here: F:/COD/CPUsort/CPU.runs/impl_1/runme.log
open_hw
connect_hw_server
INFO: [Labtools 27-2285] Connecting to hw_server url TCP:localhost:3121
INFO: [Labtools 27-2222] Launching hw_server...
INFO: [Labtools 27-2221] Launch Output:

****** Xilinx hw_server v2018.3
  **** Build date : Dec  7 2018-00:40:27
    ** Copyright 1986-2018 Xilinx, Inc. All Rights Reserved.


open_hw_target
INFO: [Labtoolstcl 44-466] Opening hw_target localhost:3121/xilinx_tcf/Digilent/210292A6EC7EA
set_property PROGRAM.FILE {F:/COD/CPUsort/CPU.runs/impl_1/top_module.bit} [get_hw_devices xc7a100t_0]
current_hw_device [get_hw_devices xc7a100t_0]
refresh_hw_device -update_hw_probes false [lindex [get_hw_devices xc7a100t_0] 0]
INFO: [Labtools 27-1434] Device xc7a100t (JTAG device index = 0) is programmed with a design that has no supported debug core(s) in it.
set_property PROBES.FILE {} [get_hw_devices xc7a100t_0]
set_property FULL_PROBES.FILE {} [get_hw_devices xc7a100t_0]
set_property PROGRAM.FILE {F:/COD/CPUsort/CPU.runs/impl_1/top_module.bit} [get_hw_devices xc7a100t_0]
program_hw_devices [get_hw_devices xc7a100t_0]
INFO: [Labtools 27-3164] End of startup status: HIGH
refresh_hw_device [lindex [get_hw_devices xc7a100t_0] 0]
INFO: [Labtools 27-1434] Device xc7a100t (JTAG device index = 0) is programmed with a design that has no supported debug core(s) in it.
set_property PROBES.FILE {} [get_hw_devices xc7a100t_0]
set_property FULL_PROBES.FILE {} [get_hw_devices xc7a100t_0]
set_property PROGRAM.FILE {F:/COD/CPUsort/CPU.runs/impl_1/top_module.bit} [get_hw_devices xc7a100t_0]
program_hw_devices [get_hw_devices xc7a100t_0]
INFO: [Labtools 27-3164] End of startup status: HIGH
refresh_hw_device [lindex [get_hw_devices xc7a100t_0] 0]
INFO: [Labtools 27-1434] Device xc7a100t (JTAG device index = 0) is programmed with a design that has no supported debug core(s) in it.
close_hw
close [ open F:/COD/CPUsort/CPU.srcs/sources_1/new/buffer.v w ]
add_files F:/COD/CPUsort/CPU.srcs/sources_1/new/buffer.v
update_compile_order -fileset sources_1
close [ open F:/COD/CPUsort/CPU.srcs/sources_1/new/clocking.v w ]
add_files F:/COD/CPUsort/CPU.srcs/sources_1/new/clocking.v
update_compile_order -fileset sources_1
update_compile_order -fileset sources_1
reset_run synth_1
launch_runs impl_1 -to_step write_bitstream -jobs 4
[Wed May 29 22:20:17 2019] Launched synth_1...
Run output will be captured here: F:/COD/CPUsort/CPU.runs/synth_1/runme.log
[Wed May 29 22:20:17 2019] Launched impl_1...
Run output will be captured here: F:/COD/CPUsort/CPU.runs/impl_1/runme.log
reset_run synth_1
launch_runs impl_1 -to_step write_bitstream -jobs 4
[Wed May 29 22:22:14 2019] Launched synth_1...
Run output will be captured here: F:/COD/CPUsort/CPU.runs/synth_1/runme.log
[Wed May 29 22:22:14 2019] Launched impl_1...
Run output will be captured here: F:/COD/CPUsort/CPU.runs/impl_1/runme.log
open_hw
connect_hw_server
INFO: [Labtools 27-2285] Connecting to hw_server url TCP:localhost:3121
INFO: [Labtools 27-2222] Launching hw_server...
INFO: [Labtools 27-2221] Launch Output:

****** Xilinx hw_server v2018.3
  **** Build date : Dec  7 2018-00:40:27
    ** Copyright 1986-2018 Xilinx, Inc. All Rights Reserved.


open_hw_target
INFO: [Labtoolstcl 44-466] Opening hw_target localhost:3121/xilinx_tcf/Digilent/210292A6EC7EA
set_property PROGRAM.FILE {F:/COD/CPUsort/CPU.runs/impl_1/top_module.bit} [get_hw_devices xc7a100t_0]
current_hw_device [get_hw_devices xc7a100t_0]
refresh_hw_device -update_hw_probes false [lindex [get_hw_devices xc7a100t_0] 0]
INFO: [Labtools 27-1434] Device xc7a100t (JTAG device index = 0) is programmed with a design that has no supported debug core(s) in it.
set_property PROBES.FILE {} [get_hw_devices xc7a100t_0]
set_property FULL_PROBES.FILE {} [get_hw_devices xc7a100t_0]
set_property PROGRAM.FILE {F:/COD/CPUsort/CPU.runs/impl_1/top_module.bit} [get_hw_devices xc7a100t_0]
program_hw_devices [get_hw_devices xc7a100t_0]
INFO: [Labtools 27-3164] End of startup status: HIGH
refresh_hw_device [lindex [get_hw_devices xc7a100t_0] 0]
INFO: [Labtools 27-1434] Device xc7a100t (JTAG device index = 0) is programmed with a design that has no supported debug core(s) in it.
close_hw
set_property -dict [list CONFIG.CLKOUT1_REQUESTED_OUT_FREQ {50.000} CONFIG.MMCM_DIVCLK_DIVIDE {1} CONFIG.MMCM_CLKFBOUT_MULT_F {10.000} CONFIG.MMCM_CLKOUT0_DIVIDE_F {20.000} CONFIG.CLKOUT1_JITTER {151.636} CONFIG.CLKOUT1_PHASE_ERROR {98.575}] [get_ips clk_wiz_1]
generate_target all [get_files  F:/COD/CPUsort/CPU.srcs/sources_1/ip/clk_wiz_1/clk_wiz_1.xci]
INFO: [IP_Flow 19-1686] Generating 'Instantiation Template' target for IP 'clk_wiz_1'...
INFO: [IP_Flow 19-1686] Generating 'Synthesis' target for IP 'clk_wiz_1'...
INFO: [IP_Flow 19-1686] Generating 'Simulation' target for IP 'clk_wiz_1'...
INFO: [IP_Flow 19-1686] Generating 'Implementation' target for IP 'clk_wiz_1'...
INFO: [IP_Flow 19-1686] Generating 'Change Log' target for IP 'clk_wiz_1'...
catch { config_ip_cache -export [get_ips -all clk_wiz_1] }
export_ip_user_files -of_objects [get_files F:/COD/CPUsort/CPU.srcs/sources_1/ip/clk_wiz_1/clk_wiz_1.xci] -no_script -sync -force -quiet
reset_run clk_wiz_1_synth_1
launch_runs -jobs 4 clk_wiz_1_synth_1
[Wed May 29 22:26:22 2019] Launched clk_wiz_1_synth_1...
Run output will be captured here: F:/COD/CPUsort/CPU.runs/clk_wiz_1_synth_1/runme.log
INFO: [Vivado 12-4357] Exporting simulation files for 'clk_wiz_1'... please wait for 'clk_wiz_1_synth_1' run to finish...
wait_on_run clk_wiz_1_synth_1
[Wed May 29 22:26:23 2019] Waiting for clk_wiz_1_synth_1 to finish...
[Wed May 29 22:26:28 2019] Waiting for clk_wiz_1_synth_1 to finish...
[Wed May 29 22:26:33 2019] Waiting for clk_wiz_1_synth_1 to finish...
[Wed May 29 22:26:38 2019] Waiting for clk_wiz_1_synth_1 to finish...
[Wed May 29 22:26:48 2019] Waiting for clk_wiz_1_synth_1 to finish...
[Wed May 29 22:26:58 2019] Waiting for clk_wiz_1_synth_1 to finish...

*** Running vivado
    with args -log clk_wiz_1.vds -m64 -product Vivado -mode batch -messageDb vivado.pb -notrace -source clk_wiz_1.tcl


****** Vivado v2018.3 (64-bit)
  **** SW Build 2405991 on Thu Dec  6 23:38:27 MST 2018
  **** IP Build 2404404 on Fri Dec  7 01:43:56 MST 2018
    ** Copyright 1986-2018 Xilinx, Inc. All Rights Reserved.

source clk_wiz_1.tcl -notrace
Command: synth_design -top clk_wiz_1 -part xc7a100tcsg324-1 -mode out_of_context
Starting synth_design
Attempting to get a license for feature 'Synthesis' and/or device 'xc7a100t'
INFO: [Common 17-349] Got license for feature 'Synthesis' and/or device 'xc7a100t'
INFO: Launching helper process for spawning children vivado processes
INFO: Helper process launched with PID 7900 
---------------------------------------------------------------------------------
Starting RTL Elaboration : Time (s): cpu = 00:00:03 ; elapsed = 00:00:02 . Memory (MB): peak = 385.211 ; gain = 100.391
---------------------------------------------------------------------------------
INFO: [Synth 8-6157] synthesizing module 'clk_wiz_1' [f:/COD/CPUsort/CPU.srcs/sources_1/ip/clk_wiz_1/clk_wiz_1.v:70]
INFO: [Synth 8-6157] synthesizing module 'clk_wiz_1_clk_wiz' [f:/COD/CPUsort/CPU.srcs/sources_1/ip/clk_wiz_1/clk_wiz_1_clk_wiz.v:68]
INFO: [Synth 8-6157] synthesizing module 'IBUF' [F:/Xillinx/Vivado/2018.3/scripts/rt/data/unisim_comp.v:20408]
	Parameter CAPACITANCE bound to: DONT_CARE - type: string 
	Parameter IBUF_DELAY_VALUE bound to: 0 - type: string 
	Parameter IBUF_LOW_PWR bound to: TRUE - type: string 
	Parameter IFD_DELAY_VALUE bound to: AUTO - type: string 
	Parameter IOSTANDARD bound to: DEFAULT - type: string 
INFO: [Synth 8-6155] done synthesizing module 'IBUF' (1#1) [F:/Xillinx/Vivado/2018.3/scripts/rt/data/unisim_comp.v:20408]
INFO: [Synth 8-6157] synthesizing module 'MMCME2_ADV' [F:/Xillinx/Vivado/2018.3/scripts/rt/data/unisim_comp.v:26717]
	Parameter BANDWIDTH bound to: OPTIMIZED - type: string 
	Parameter CLKFBOUT_MULT_F bound to: 10.000000 - type: float 
	Parameter CLKFBOUT_PHASE bound to: 0.000000 - type: float 
	Parameter CLKFBOUT_USE_FINE_PS bound to: FALSE - type: string 
	Parameter CLKIN1_PERIOD bound to: 10.000000 - type: float 
	Parameter CLKIN2_PERIOD bound to: 0.000000 - type: float 
	Parameter CLKOUT0_DIVIDE_F bound to: 20.000000 - type: float 
	Parameter CLKOUT0_DUTY_CYCLE bound to: 0.500000 - type: float 
	Parameter CLKOUT0_PHASE bound to: 0.000000 - type: float 
	Parameter CLKOUT0_USE_FINE_PS bound to: FALSE - type: string 
	Parameter CLKOUT1_DIVIDE bound to: 1 - type: integer 
	Parameter CLKOUT1_DUTY_CYCLE bound to: 0.500000 - type: float 
	Parameter CLKOUT1_PHASE bound to: 0.000000 - type: float 
	Parameter CLKOUT1_USE_FINE_PS bound to: FALSE - type: string 
	Parameter CLKOUT2_DIVIDE bound to: 1 - type: integer 
	Parameter CLKOUT2_DUTY_CYCLE bound to: 0.500000 - type: float 
	Parameter CLKOUT2_PHASE bound to: 0.000000 - type: float 
	Parameter CLKOUT2_USE_FINE_PS bound to: FALSE - type: string 
	Parameter CLKOUT3_DIVIDE bound to: 1 - type: integer 
	Parameter CLKOUT3_DUTY_CYCLE bound to: 0.500000 - type: float 
	Parameter CLKOUT3_PHASE bound to: 0.000000 - type: float 
	Parameter CLKOUT3_USE_FINE_PS bound to: FALSE - type: string 
	Parameter CLKOUT4_CASCADE bound to: FALSE - type: string 
	Parameter CLKOUT4_DIVIDE bound to: 1 - type: integer 
	Parameter CLKOUT4_DUTY_CYCLE bound to: 0.500000 - type: float 
	Parameter CLKOUT4_PHASE bound to: 0.000000 - type: float 
	Parameter CLKOUT4_USE_FINE_PS bound to: FALSE - type: string 
	Parameter CLKOUT5_DIVIDE bound to: 1 - type: integer 
	Parameter CLKOUT5_DUTY_CYCLE bound to: 0.500000 - type: float 
	Parameter CLKOUT5_PHASE bound to: 0.000000 - type: float 
	Parameter CLKOUT5_USE_FINE_PS bound to: FALSE - type: string 
	Parameter CLKOUT6_DIVIDE bound to: 1 - type: integer 
	Parameter CLKOUT6_DUTY_CYCLE bound to: 0.500000 - type: float 
	Parameter CLKOUT6_PHASE bound to: 0.000000 - type: float 
	Parameter CLKOUT6_USE_FINE_PS bound to: FALSE - type: string 
	Parameter COMPENSATION bound to: ZHOLD - type: string 
	Parameter DIVCLK_DIVIDE bound to: 1 - type: integer 
	Parameter IS_CLKINSEL_INVERTED bound to: 1'b0 
	Parameter IS_PSEN_INVERTED bound to: 1'b0 
	Parameter IS_PSINCDEC_INVERTED bound to: 1'b0 
	Parameter IS_PWRDWN_INVERTED bound to: 1'b0 
	Parameter IS_RST_INVERTED bound to: 1'b0 
	Parameter REF_JITTER1 bound to: 0.010000 - type: float 
	Parameter REF_JITTER2 bound to: 0.010000 - type: float 
	Parameter SS_EN bound to: FALSE - type: string 
	Parameter SS_MODE bound to: CENTER_HIGH - type: string 
	Parameter SS_MOD_PERIOD bound to: 10000 - type: integer 
	Parameter STARTUP_WAIT bound to: FALSE - type: string 
INFO: [Synth 8-6155] done synthesizing module 'MMCME2_ADV' (2#1) [F:/Xillinx/Vivado/2018.3/scripts/rt/data/unisim_comp.v:26717]
INFO: [Synth 8-6157] synthesizing module 'BUFG' [F:/Xillinx/Vivado/2018.3/scripts/rt/data/unisim_comp.v:609]
INFO: [Synth 8-6155] done synthesizing module 'BUFG' (3#1) [F:/Xillinx/Vivado/2018.3/scripts/rt/data/unisim_comp.v:609]
INFO: [Synth 8-6155] done synthesizing module 'clk_wiz_1_clk_wiz' (4#1) [f:/COD/CPUsort/CPU.srcs/sources_1/ip/clk_wiz_1/clk_wiz_1_clk_wiz.v:68]
INFO: [Synth 8-6155] done synthesizing module 'clk_wiz_1' (5#1) [f:/COD/CPUsort/CPU.srcs/sources_1/ip/clk_wiz_1/clk_wiz_1.v:70]
---------------------------------------------------------------------------------
Finished RTL Elaboration : Time (s): cpu = 00:00:03 ; elapsed = 00:00:03 . Memory (MB): peak = 440.777 ; gain = 155.957
---------------------------------------------------------------------------------

Report Check Netlist: 
+------+------------------+-------+---------+-------+------------------+
|      |Item              |Errors |Warnings |Status |Description       |
+------+------------------+-------+---------+-------+------------------+
|1     |multi_driven_nets |      0|        0|Passed |Multi driven nets |
+------+------------------+-------+---------+-------+------------------+
---------------------------------------------------------------------------------
Start Handling Custom Attributes
---------------------------------------------------------------------------------
---------------------------------------------------------------------------------
Finished Handling Custom Attributes : Time (s): cpu = 00:00:04 ; elapsed = 00:00:03 . Memory (MB): peak = 440.777 ; gain = 155.957
---------------------------------------------------------------------------------
---------------------------------------------------------------------------------
Finished RTL Optimization Phase 1 : Time (s): cpu = 00:00:04 ; elapsed = 00:00:03 . Memory (MB): peak = 440.777 ; gain = 155.957
---------------------------------------------------------------------------------
INFO: [Netlist 29-17] Analyzing 1 Unisim elements for replacement
INFO: [Netlist 29-28] Unisim Transformation completed in 0 CPU seconds
INFO: [Device 21-403] Loading part xc7a100tcsg324-1
INFO: [Project 1-570] Preparing netlist for logic optimization

Processing XDC Constraints
Initializing timing engine
Parsing XDC File [f:/COD/CPUsort/CPU.srcs/sources_1/ip/clk_wiz_1/clk_wiz_1_ooc.xdc] for cell 'inst'
Finished Parsing XDC File [f:/COD/CPUsort/CPU.srcs/sources_1/ip/clk_wiz_1/clk_wiz_1_ooc.xdc] for cell 'inst'
Parsing XDC File [f:/COD/CPUsort/CPU.srcs/sources_1/ip/clk_wiz_1/clk_wiz_1_board.xdc] for cell 'inst'
Finished Parsing XDC File [f:/COD/CPUsort/CPU.srcs/sources_1/ip/clk_wiz_1/clk_wiz_1_board.xdc] for cell 'inst'
Parsing XDC File [f:/COD/CPUsort/CPU.srcs/sources_1/ip/clk_wiz_1/clk_wiz_1.xdc] for cell 'inst'
Finished Parsing XDC File [f:/COD/CPUsort/CPU.srcs/sources_1/ip/clk_wiz_1/clk_wiz_1.xdc] for cell 'inst'
INFO: [Project 1-236] Implementation specific constraints were found while reading constraint file [f:/COD/CPUsort/CPU.srcs/sources_1/ip/clk_wiz_1/clk_wiz_1.xdc]. These constraints will be ignored for synthesis but will be used in implementation. Impacted constraints are listed in the file [.Xil/clk_wiz_1_propImpl.xdc].
Resolution: To avoid this warning, move constraints listed in [.Xil/clk_wiz_1_propImpl.xdc] to another XDC file and exclude this new file from synthesis with the used_in_synthesis property (File Properties dialog in GUI) and re-run elaboration/synthesis.
INFO: [Timing 38-2] Deriving generated clocks
Netlist sorting complete. Time (s): cpu = 00:00:00 ; elapsed = 00:00:00 . Memory (MB): peak = 699.629 ; gain = 0.000
Parsing XDC File [F:/COD/CPUsort/CPU.runs/clk_wiz_1_synth_1/dont_touch.xdc]
Finished Parsing XDC File [F:/COD/CPUsort/CPU.runs/clk_wiz_1_synth_1/dont_touch.xdc]
Completed Processing XDC Constraints

Netlist sorting complete. Time (s): cpu = 00:00:00 ; elapsed = 00:00:00 . Memory (MB): peak = 699.629 ; gain = 0.000
INFO: [Project 1-111] Unisim Transformation Summary:
No Unisim elements were transformed.

Netlist sorting complete. Time (s): cpu = 00:00:00 ; elapsed = 00:00:00 . Memory (MB): peak = 699.629 ; gain = 0.000
Constraint Validation Runtime : Time (s): cpu = 00:00:00 ; elapsed = 00:00:00.347 . Memory (MB): peak = 699.629 ; gain = 0.000
---------------------------------------------------------------------------------
Finished Constraint Validation : Time (s): cpu = 00:00:11 ; elapsed = 00:00:12 . Memory (MB): peak = 699.629 ; gain = 414.809
---------------------------------------------------------------------------------
---------------------------------------------------------------------------------
Start Loading Part and Timing Information
---------------------------------------------------------------------------------
Loading part: xc7a100tcsg324-1
---------------------------------------------------------------------------------
Finished Loading Part and Timing Information : Time (s): cpu = 00:00:11 ; elapsed = 00:00:12 . Memory (MB): peak = 699.629 ; gain = 414.809
---------------------------------------------------------------------------------
---------------------------------------------------------------------------------
Start Applying 'set_property' XDC Constraints
---------------------------------------------------------------------------------
Applied set_property DONT_TOUCH = true for inst. (constraint file  F:/COD/CPUsort/CPU.runs/clk_wiz_1_synth_1/dont_touch.xdc, line 9).
---------------------------------------------------------------------------------
Finished applying 'set_property' XDC Constraints : Time (s): cpu = 00:00:11 ; elapsed = 00:00:12 . Memory (MB): peak = 699.629 ; gain = 414.809
---------------------------------------------------------------------------------
---------------------------------------------------------------------------------
Finished RTL Optimization Phase 2 : Time (s): cpu = 00:00:11 ; elapsed = 00:00:12 . Memory (MB): peak = 699.629 ; gain = 414.809
---------------------------------------------------------------------------------

Report RTL Partitions: 
+-+--------------+------------+----------+
| |RTL Partition |Replication |Instances |
+-+--------------+------------+----------+
+-+--------------+------------+----------+
---------------------------------------------------------------------------------
Start RTL Component Statistics 
---------------------------------------------------------------------------------
Detailed RTL Component Info : 
---------------------------------------------------------------------------------
Finished RTL Component Statistics 
---------------------------------------------------------------------------------
---------------------------------------------------------------------------------
Start RTL Hierarchical Component Statistics 
---------------------------------------------------------------------------------
Hierarchical RTL Component report 
---------------------------------------------------------------------------------
Finished RTL Hierarchical Component Statistics
---------------------------------------------------------------------------------
---------------------------------------------------------------------------------
Start Part Resource Summary
---------------------------------------------------------------------------------
Part Resources:
DSPs: 240 (col length:80)
BRAMs: 270 (col length: RAMB18 80 RAMB36 40)
---------------------------------------------------------------------------------
Finished Part Resource Summary
---------------------------------------------------------------------------------
---------------------------------------------------------------------------------
Start Cross Boundary and Area Optimization
---------------------------------------------------------------------------------
Warning: Parallel synthesis criteria is not met 
---------------------------------------------------------------------------------
Finished Cross Boundary and Area Optimization : Time (s): cpu = 00:00:12 ; elapsed = 00:00:13 . Memory (MB): peak = 699.629 ; gain = 414.809
---------------------------------------------------------------------------------

Report RTL Partitions: 
+-+--------------+------------+----------+
| |RTL Partition |Replication |Instances |
+-+--------------+------------+----------+
+-+--------------+------------+----------+
---------------------------------------------------------------------------------
Start Applying XDC Timing Constraints
---------------------------------------------------------------------------------
---------------------------------------------------------------------------------
Finished Applying XDC Timing Constraints : Time (s): cpu = 00:00:19 ; elapsed = 00:00:20 . Memory (MB): peak = 751.762 ; gain = 466.941
---------------------------------------------------------------------------------
---------------------------------------------------------------------------------
Start Timing Optimization
---------------------------------------------------------------------------------
---------------------------------------------------------------------------------
Finished Timing Optimization : Time (s): cpu = 00:00:19 ; elapsed = 00:00:20 . Memory (MB): peak = 751.836 ; gain = 467.016
---------------------------------------------------------------------------------

Report RTL Partitions: 
+-+--------------+------------+----------+
| |RTL Partition |Replication |Instances |
+-+--------------+------------+----------+
+-+--------------+------------+----------+
---------------------------------------------------------------------------------
Start Technology Mapping
---------------------------------------------------------------------------------
---------------------------------------------------------------------------------
Finished Technology Mapping : Time (s): cpu = 00:00:19 ; elapsed = 00:00:20 . Memory (MB): peak = 761.371 ; gain = 476.551
---------------------------------------------------------------------------------

Report RTL Partitions: 
+-+--------------+------------+----------+
| |RTL Partition |Replication |Instances |
+-+--------------+------------+----------+
+-+--------------+------------+----------+
---------------------------------------------------------------------------------
Start IO Insertion
---------------------------------------------------------------------------------
---------------------------------------------------------------------------------
Start Flattening Before IO Insertion
---------------------------------------------------------------------------------
---------------------------------------------------------------------------------
Finished Flattening Before IO Insertion
---------------------------------------------------------------------------------
---------------------------------------------------------------------------------
Start Final Netlist Cleanup
---------------------------------------------------------------------------------
---------------------------------------------------------------------------------
Finished Final Netlist Cleanup
---------------------------------------------------------------------------------
---------------------------------------------------------------------------------
Finished IO Insertion : Time (s): cpu = 00:00:20 ; elapsed = 00:00:21 . Memory (MB): peak = 761.371 ; gain = 476.551
---------------------------------------------------------------------------------

Report Check Netlist: 
+------+------------------+-------+---------+-------+------------------+
|      |Item              |Errors |Warnings |Status |Description       |
+------+------------------+-------+---------+-------+------------------+
|1     |multi_driven_nets |      0|        0|Passed |Multi driven nets |
+------+------------------+-------+---------+-------+------------------+
---------------------------------------------------------------------------------
Start Renaming Generated Instances
---------------------------------------------------------------------------------
---------------------------------------------------------------------------------
Finished Renaming Generated Instances : Time (s): cpu = 00:00:20 ; elapsed = 00:00:21 . Memory (MB): peak = 761.371 ; gain = 476.551
---------------------------------------------------------------------------------

Report RTL Partitions: 
+-+--------------+------------+----------+
| |RTL Partition |Replication |Instances |
+-+--------------+------------+----------+
+-+--------------+------------+----------+
---------------------------------------------------------------------------------
Start Rebuilding User Hierarchy
---------------------------------------------------------------------------------
---------------------------------------------------------------------------------
Finished Rebuilding User Hierarchy : Time (s): cpu = 00:00:20 ; elapsed = 00:00:21 . Memory (MB): peak = 761.371 ; gain = 476.551
---------------------------------------------------------------------------------
---------------------------------------------------------------------------------
Start Renaming Generated Ports
---------------------------------------------------------------------------------
---------------------------------------------------------------------------------
Finished Renaming Generated Ports : Time (s): cpu = 00:00:20 ; elapsed = 00:00:21 . Memory (MB): peak = 761.371 ; gain = 476.551
---------------------------------------------------------------------------------
---------------------------------------------------------------------------------
Start Handling Custom Attributes
---------------------------------------------------------------------------------
---------------------------------------------------------------------------------
Finished Handling Custom Attributes : Time (s): cpu = 00:00:20 ; elapsed = 00:00:21 . Memory (MB): peak = 761.371 ; gain = 476.551
---------------------------------------------------------------------------------
---------------------------------------------------------------------------------
Start Renaming Generated Nets
---------------------------------------------------------------------------------
---------------------------------------------------------------------------------
Finished Renaming Generated Nets : Time (s): cpu = 00:00:20 ; elapsed = 00:00:21 . Memory (MB): peak = 761.371 ; gain = 476.551
---------------------------------------------------------------------------------
---------------------------------------------------------------------------------
Start Writing Synthesis Report
---------------------------------------------------------------------------------

Report BlackBoxes: 
+-+--------------+----------+
| |BlackBox name |Instances |
+-+--------------+----------+
+-+--------------+----------+

Report Cell Usage: 
+------+-----------+------+
|      |Cell       |Count |
+------+-----------+------+
|1     |BUFG       |     2|
|2     |MMCME2_ADV |     1|
|3     |IBUF       |     1|
+------+-----------+------+

Report Instance Areas: 
+------+---------+------------------+------+
|      |Instance |Module            |Cells |
+------+---------+------------------+------+
|1     |top      |                  |     4|
|2     |  inst   |clk_wiz_1_clk_wiz |     4|
+------+---------+------------------+------+
---------------------------------------------------------------------------------
Finished Writing Synthesis Report : Time (s): cpu = 00:00:20 ; elapsed = 00:00:21 . Memory (MB): peak = 761.371 ; gain = 476.551
---------------------------------------------------------------------------------
Synthesis finished with 0 errors, 0 critical warnings and 0 warnings.
Synthesis Optimization Runtime : Time (s): cpu = 00:00:11 ; elapsed = 00:00:15 . Memory (MB): peak = 761.371 ; gain = 217.699
Synthesis Optimization Complete : Time (s): cpu = 00:00:20 ; elapsed = 00:00:21 . Memory (MB): peak = 761.371 ; gain = 476.551
INFO: [Project 1-571] Translating synthesized netlist
INFO: [Netlist 29-17] Analyzing 1 Unisim elements for replacement
INFO: [Netlist 29-28] Unisim Transformation completed in 0 CPU seconds
INFO: [Project 1-570] Preparing netlist for logic optimization
INFO: [Opt 31-138] Pushed 0 inverter(s) to 0 load pin(s).
Netlist sorting complete. Time (s): cpu = 00:00:00 ; elapsed = 00:00:00 . Memory (MB): peak = 772.688 ; gain = 0.000
INFO: [Project 1-111] Unisim Transformation Summary:
No Unisim elements were transformed.

INFO: [Common 17-83] Releasing license: Synthesis
25 Infos, 0 Warnings, 0 Critical Warnings and 0 Errors encountered.
synth_design completed successfully
synth_design: Time (s): cpu = 00:00:22 ; elapsed = 00:00:23 . Memory (MB): peak = 772.801 ; gain = 499.445
Netlist sorting complete. Time (s): cpu = 00:00:00 ; elapsed = 00:00:00 . Memory (MB): peak = 772.801 ; gain = 0.000
WARNING: [Constraints 18-5210] No constraints selected for write.
Resolution: This message can indicate that there are no constraints for the design, or it can indicate that the used_in flags are set such that the constraints are ignored. This later case is used when running synth_design to not write synthesis constraints to the resulting checkpoint. Instead, project constraints are read when the synthesized design is opened.
INFO: [Common 17-1381] The checkpoint 'F:/COD/CPUsort/CPU.runs/clk_wiz_1_synth_1/clk_wiz_1.dcp' has been generated.
INFO: [Coretcl 2-1648] Added synthesis output to IP cache for IP clk_wiz_1, cache-ID = db5dd90a529d0dfc
Netlist sorting complete. Time (s): cpu = 00:00:00 ; elapsed = 00:00:00 . Memory (MB): peak = 772.801 ; gain = 0.000
WARNING: [Constraints 18-5210] No constraints selected for write.
Resolution: This message can indicate that there are no constraints for the design, or it can indicate that the used_in flags are set such that the constraints are ignored. This later case is used when running synth_design to not write synthesis constraints to the resulting checkpoint. Instead, project constraints are read when the synthesized design is opened.
INFO: [Common 17-1381] The checkpoint 'F:/COD/CPUsort/CPU.runs/clk_wiz_1_synth_1/clk_wiz_1.dcp' has been generated.
INFO: [runtcl-4] Executing : report_utilization -file clk_wiz_1_utilization_synth.rpt -pb clk_wiz_1_utilization_synth.pb
INFO: [Common 17-206] Exiting Vivado at Wed May 29 22:26:53 2019...
[Wed May 29 22:26:58 2019] clk_wiz_1_synth_1 finished
wait_on_run: Time (s): cpu = 00:00:00 ; elapsed = 00:00:35 . Memory (MB): peak = 2014.520 ; gain = 0.160
export_simulation -of_objects [get_files F:/COD/CPUsort/CPU.srcs/sources_1/ip/clk_wiz_1/clk_wiz_1.xci] -directory F:/COD/CPUsort/CPU.ip_user_files/sim_scripts -ip_user_files_dir F:/COD/CPUsort/CPU.ip_user_files -ipstatic_source_dir F:/COD/CPUsort/CPU.ip_user_files/ipstatic -lib_map_path [list {modelsim=F:/COD/CPUsort/CPU.cache/compile_simlib/modelsim} {questa=F:/COD/CPUsort/CPU.cache/compile_simlib/questa} {riviera=F:/COD/CPUsort/CPU.cache/compile_simlib/riviera} {activehdl=F:/COD/CPUsort/CPU.cache/compile_simlib/activehdl}] -use_ip_compiled_libs -force -quiet
reset_run synth_1
launch_runs impl_1 -to_step write_bitstream -jobs 4
[Wed May 29 22:27:10 2019] Launched synth_1...
Run output will be captured here: F:/COD/CPUsort/CPU.runs/synth_1/runme.log
[Wed May 29 22:27:10 2019] Launched impl_1...
Run output will be captured here: F:/COD/CPUsort/CPU.runs/impl_1/runme.log
open_hw
connect_hw_server
INFO: [Labtools 27-2285] Connecting to hw_server url TCP:localhost:3121
INFO: [Labtools 27-2222] Launching hw_server...
INFO: [Labtools 27-2221] Launch Output:

****** Xilinx hw_server v2018.3
  **** Build date : Dec  7 2018-00:40:27
    ** Copyright 1986-2018 Xilinx, Inc. All Rights Reserved.


open_hw_target
INFO: [Labtoolstcl 44-466] Opening hw_target localhost:3121/xilinx_tcf/Digilent/210292A6EC7EA
set_property PROGRAM.FILE {F:/COD/CPUsort/CPU.runs/impl_1/top_module.bit} [get_hw_devices xc7a100t_0]
current_hw_device [get_hw_devices xc7a100t_0]
refresh_hw_device -update_hw_probes false [lindex [get_hw_devices xc7a100t_0] 0]
INFO: [Labtools 27-1434] Device xc7a100t (JTAG device index = 0) is programmed with a design that has no supported debug core(s) in it.
set_property PROBES.FILE {} [get_hw_devices xc7a100t_0]
set_property FULL_PROBES.FILE {} [get_hw_devices xc7a100t_0]
set_property PROGRAM.FILE {F:/COD/CPUsort/CPU.runs/impl_1/top_module.bit} [get_hw_devices xc7a100t_0]
program_hw_devices [get_hw_devices xc7a100t_0]
INFO: [Labtools 27-3164] End of startup status: HIGH
refresh_hw_device [lindex [get_hw_devices xc7a100t_0] 0]
INFO: [Labtools 27-1434] Device xc7a100t (JTAG device index = 0) is programmed with a design that has no supported debug core(s) in it.
set_property PROBES.FILE {} [get_hw_devices xc7a100t_0]
set_property FULL_PROBES.FILE {} [get_hw_devices xc7a100t_0]
set_property PROGRAM.FILE {F:/COD/CPUsort/CPU.runs/impl_1/top_module.bit} [get_hw_devices xc7a100t_0]
program_hw_devices [get_hw_devices xc7a100t_0]
INFO: [Labtools 27-3164] End of startup status: HIGH
refresh_hw_device [lindex [get_hw_devices xc7a100t_0] 0]
INFO: [Labtools 27-1434] Device xc7a100t (JTAG device index = 0) is programmed with a design that has no supported debug core(s) in it.
set_property PROBES.FILE {} [get_hw_devices xc7a100t_0]
set_property FULL_PROBES.FILE {} [get_hw_devices xc7a100t_0]
set_property PROGRAM.FILE {F:/COD/CPUsort/CPU.runs/impl_1/top_module.bit} [get_hw_devices xc7a100t_0]
program_hw_devices [get_hw_devices xc7a100t_0]
INFO: [Labtools 27-3164] End of startup status: HIGH
refresh_hw_device [lindex [get_hw_devices xc7a100t_0] 0]
INFO: [Labtools 27-1434] Device xc7a100t (JTAG device index = 0) is programmed with a design that has no supported debug core(s) in it.
close_hw
set_property -dict [list CONFIG.CLKOUT1_REQUESTED_OUT_FREQ {10.000} CONFIG.MMCM_DIVCLK_DIVIDE {2} CONFIG.MMCM_CLKFBOUT_MULT_F {15.625} CONFIG.MMCM_CLKOUT0_DIVIDE_F {78.125} CONFIG.CLKOUT1_JITTER {290.478} CONFIG.CLKOUT1_PHASE_ERROR {133.882}] [get_ips clk_wiz_1]
generate_target all [get_files  F:/COD/CPUsort/CPU.srcs/sources_1/ip/clk_wiz_1/clk_wiz_1.xci]
INFO: [IP_Flow 19-1686] Generating 'Instantiation Template' target for IP 'clk_wiz_1'...
INFO: [IP_Flow 19-1686] Generating 'Synthesis' target for IP 'clk_wiz_1'...
INFO: [IP_Flow 19-1686] Generating 'Simulation' target for IP 'clk_wiz_1'...
INFO: [IP_Flow 19-1686] Generating 'Implementation' target for IP 'clk_wiz_1'...
INFO: [IP_Flow 19-1686] Generating 'Change Log' target for IP 'clk_wiz_1'...
catch { config_ip_cache -export [get_ips -all clk_wiz_1] }
INFO: [IP_Flow 19-4993] Using cached IP synthesis design for IP clk_wiz_1, cache-ID = f85b5b4ec11d5535; cache size = 3.363 MB.
catch { [ delete_ip_run [get_ips -all clk_wiz_1] ] }
INFO: [Project 1-386] Moving file 'F:/COD/CPUsort/CPU.srcs/sources_1/ip/clk_wiz_1/clk_wiz_1.xci' from fileset 'clk_wiz_1' to fileset 'sources_1'.
export_ip_user_files -of_objects [get_files F:/COD/CPUsort/CPU.srcs/sources_1/ip/clk_wiz_1/clk_wiz_1.xci] -no_script -sync -force -quiet
create_ip_run [get_files -of_objects [get_fileset sources_1] F:/COD/CPUsort/CPU.srcs/sources_1/ip/clk_wiz_1/clk_wiz_1.xci]
INFO: [Vivado 12-3453] The given sub-design is up-to-date, no action was taken.  If a run is still desired, use the '-force' option for the file:'F:/COD/CPUsort/CPU.srcs/sources_1/ip/clk_wiz_1/clk_wiz_1.xci'
update_compile_order -fileset sources_1
update_compile_order -fileset sources_1
reset_run synth_1
launch_runs impl_1 -to_step write_bitstream -jobs 4
INFO: [Vivado 12-4149] The synthesis checkpoint for IP 'F:/COD/CPUsort/CPU.srcs/sources_1/ip/clk_wiz_1/clk_wiz_1.xci' is already up-to-date
[Wed May 29 22:33:32 2019] Launched synth_1...
Run output will be captured here: F:/COD/CPUsort/CPU.runs/synth_1/runme.log
[Wed May 29 22:33:32 2019] Launched impl_1...
Run output will be captured here: F:/COD/CPUsort/CPU.runs/impl_1/runme.log
open_hw
connect_hw_server
INFO: [Labtools 27-2285] Connecting to hw_server url TCP:localhost:3121
INFO: [Labtools 27-2222] Launching hw_server...
INFO: [Labtools 27-2221] Launch Output:

****** Xilinx hw_server v2018.3
  **** Build date : Dec  7 2018-00:40:27
    ** Copyright 1986-2018 Xilinx, Inc. All Rights Reserved.


open_hw_target
INFO: [Labtoolstcl 44-466] Opening hw_target localhost:3121/xilinx_tcf/Digilent/210292A6EC7EA
set_property PROGRAM.FILE {F:/COD/CPUsort/CPU.runs/impl_1/top_module.bit} [get_hw_devices xc7a100t_0]
current_hw_device [get_hw_devices xc7a100t_0]
refresh_hw_device -update_hw_probes false [lindex [get_hw_devices xc7a100t_0] 0]
INFO: [Labtools 27-1434] Device xc7a100t (JTAG device index = 0) is programmed with a design that has no supported debug core(s) in it.
set_property PROBES.FILE {} [get_hw_devices xc7a100t_0]
set_property FULL_PROBES.FILE {} [get_hw_devices xc7a100t_0]
set_property PROGRAM.FILE {F:/COD/CPUsort/CPU.runs/impl_1/top_module.bit} [get_hw_devices xc7a100t_0]
program_hw_devices [get_hw_devices xc7a100t_0]
INFO: [Labtools 27-3164] End of startup status: HIGH
refresh_hw_device [lindex [get_hw_devices xc7a100t_0] 0]
INFO: [Labtools 27-1434] Device xc7a100t (JTAG device index = 0) is programmed with a design that has no supported debug core(s) in it.
update_compile_order -fileset sources_1
reset_run synth_1
launch_runs impl_1 -to_step write_bitstream -jobs 4
INFO: [Vivado 12-4149] The synthesis checkpoint for IP 'F:/COD/CPUsort/CPU.srcs/sources_1/ip/clk_wiz_1/clk_wiz_1.xci' is already up-to-date
[Wed May 29 22:37:41 2019] Launched synth_1...
Run output will be captured here: F:/COD/CPUsort/CPU.runs/synth_1/runme.log
[Wed May 29 22:37:42 2019] Launched impl_1...
Run output will be captured here: F:/COD/CPUsort/CPU.runs/impl_1/runme.log
set_property PROBES.FILE {} [get_hw_devices xc7a100t_0]
set_property FULL_PROBES.FILE {} [get_hw_devices xc7a100t_0]
set_property PROGRAM.FILE {F:/COD/CPUsort/CPU.runs/impl_1/top_module.bit} [get_hw_devices xc7a100t_0]
program_hw_devices [get_hw_devices xc7a100t_0]
INFO: [Labtools 27-3164] End of startup status: HIGH
refresh_hw_device [lindex [get_hw_devices xc7a100t_0] 0]
INFO: [Labtools 27-1434] Device xc7a100t (JTAG device index = 0) is programmed with a design that has no supported debug core(s) in it.
close_hw
set_property -dict [list CONFIG.CLKOUT1_REQUESTED_OUT_FREQ {50.000} CONFIG.MMCM_DIVCLK_DIVIDE {1} CONFIG.MMCM_CLKFBOUT_MULT_F {10.000} CONFIG.MMCM_CLKOUT0_DIVIDE_F {20.000} CONFIG.CLKOUT1_JITTER {151.636} CONFIG.CLKOUT1_PHASE_ERROR {98.575}] [get_ips clk_wiz_1]
generate_target all [get_files  F:/COD/CPUsort/CPU.srcs/sources_1/ip/clk_wiz_1/clk_wiz_1.xci]
INFO: [IP_Flow 19-1686] Generating 'Instantiation Template' target for IP 'clk_wiz_1'...
INFO: [IP_Flow 19-1686] Generating 'Synthesis' target for IP 'clk_wiz_1'...
INFO: [IP_Flow 19-1686] Generating 'Simulation' target for IP 'clk_wiz_1'...
INFO: [IP_Flow 19-1686] Generating 'Implementation' target for IP 'clk_wiz_1'...
INFO: [IP_Flow 19-1686] Generating 'Change Log' target for IP 'clk_wiz_1'...
catch { config_ip_cache -export [get_ips -all clk_wiz_1] }
INFO: [IP_Flow 19-4993] Using cached IP synthesis design for IP clk_wiz_1, cache-ID = db5dd90a529d0dfc; cache size = 3.363 MB.
export_ip_user_files -of_objects [get_files F:/COD/CPUsort/CPU.srcs/sources_1/ip/clk_wiz_1/clk_wiz_1.xci] -no_script -sync -force -quiet
create_ip_run [get_files -of_objects [get_fileset sources_1] F:/COD/CPUsort/CPU.srcs/sources_1/ip/clk_wiz_1/clk_wiz_1.xci]
INFO: [Vivado 12-3453] The given sub-design is up-to-date, no action was taken.  If a run is still desired, use the '-force' option for the file:'F:/COD/CPUsort/CPU.srcs/sources_1/ip/clk_wiz_1/clk_wiz_1.xci'
reset_run synth_1
launch_runs impl_1 -to_step write_bitstream -jobs 4
INFO: [Vivado 12-4149] The synthesis checkpoint for IP 'F:/COD/CPUsort/CPU.srcs/sources_1/ip/clk_wiz_1/clk_wiz_1.xci' is already up-to-date
[Wed May 29 22:41:07 2019] Launched synth_1...
Run output will be captured here: F:/COD/CPUsort/CPU.runs/synth_1/runme.log
[Wed May 29 22:41:07 2019] Launched impl_1...
Run output will be captured here: F:/COD/CPUsort/CPU.runs/impl_1/runme.log
open_hw
connect_hw_server
INFO: [Labtools 27-2285] Connecting to hw_server url TCP:localhost:3121
INFO: [Labtools 27-2222] Launching hw_server...
INFO: [Labtools 27-2221] Launch Output:

****** Xilinx hw_server v2018.3
  **** Build date : Dec  7 2018-00:40:27
    ** Copyright 1986-2018 Xilinx, Inc. All Rights Reserved.


open_hw_target
INFO: [Labtoolstcl 44-466] Opening hw_target localhost:3121/xilinx_tcf/Digilent/210292A6EC7EA
set_property PROGRAM.FILE {F:/COD/CPUsort/CPU.runs/impl_1/top_module.bit} [get_hw_devices xc7a100t_0]
current_hw_device [get_hw_devices xc7a100t_0]
refresh_hw_device -update_hw_probes false [lindex [get_hw_devices xc7a100t_0] 0]
INFO: [Labtools 27-1434] Device xc7a100t (JTAG device index = 0) is programmed with a design that has no supported debug core(s) in it.
set_property PROBES.FILE {} [get_hw_devices xc7a100t_0]
set_property FULL_PROBES.FILE {} [get_hw_devices xc7a100t_0]
set_property PROGRAM.FILE {F:/COD/CPUsort/CPU.runs/impl_1/top_module.bit} [get_hw_devices xc7a100t_0]
program_hw_devices [get_hw_devices xc7a100t_0]
INFO: [Labtools 27-3164] End of startup status: HIGH
refresh_hw_device [lindex [get_hw_devices xc7a100t_0] 0]
INFO: [Labtools 27-1434] Device xc7a100t (JTAG device index = 0) is programmed with a design that has no supported debug core(s) in it.
update_compile_order -fileset sources_1
close_hw
reset_run synth_1
launch_runs impl_1 -to_step write_bitstream -jobs 4
INFO: [Vivado 12-4149] The synthesis checkpoint for IP 'F:/COD/CPUsort/CPU.srcs/sources_1/ip/clk_wiz_1/clk_wiz_1.xci' is already up-to-date
[Wed May 29 22:54:27 2019] Launched synth_1...
Run output will be captured here: F:/COD/CPUsort/CPU.runs/synth_1/runme.log
[Wed May 29 22:54:27 2019] Launched impl_1...
Run output will be captured here: F:/COD/CPUsort/CPU.runs/impl_1/runme.log
open_hw
connect_hw_server
INFO: [Labtools 27-2285] Connecting to hw_server url TCP:localhost:3121
INFO: [Labtools 27-2222] Launching hw_server...
INFO: [Labtools 27-2221] Launch Output:

****** Xilinx hw_server v2018.3
  **** Build date : Dec  7 2018-00:40:27
    ** Copyright 1986-2018 Xilinx, Inc. All Rights Reserved.


open_hw_target
INFO: [Labtoolstcl 44-466] Opening hw_target localhost:3121/xilinx_tcf/Digilent/210292A6EC7EA
set_property PROGRAM.FILE {F:/COD/CPUsort/CPU.runs/impl_1/top_module.bit} [get_hw_devices xc7a100t_0]
current_hw_device [get_hw_devices xc7a100t_0]
refresh_hw_device -update_hw_probes false [lindex [get_hw_devices xc7a100t_0] 0]
INFO: [Labtools 27-1434] Device xc7a100t (JTAG device index = 0) is programmed with a design that has no supported debug core(s) in it.
set_property PROBES.FILE {} [get_hw_devices xc7a100t_0]
set_property FULL_PROBES.FILE {} [get_hw_devices xc7a100t_0]
set_property PROGRAM.FILE {F:/COD/CPUsort/CPU.runs/impl_1/top_module.bit} [get_hw_devices xc7a100t_0]
program_hw_devices [get_hw_devices xc7a100t_0]
INFO: [Labtools 27-3164] End of startup status: HIGH
refresh_hw_device [lindex [get_hw_devices xc7a100t_0] 0]
INFO: [Labtools 27-1434] Device xc7a100t (JTAG device index = 0) is programmed with a design that has no supported debug core(s) in it.
close_hw
close [ open F:/COD/CPUsort/CPU.srcs/sources_1/new/vga_ctrl.v w ]
add_files F:/COD/CPUsort/CPU.srcs/sources_1/new/vga_ctrl.v
update_compile_order -fileset sources_1
close [ open F:/COD/CPUsort/CPU.srcs/sources_1/new/font_rom.v w ]
add_files F:/COD/CPUsort/CPU.srcs/sources_1/new/font_rom.v
update_compile_order -fileset sources_1
update_compile_order -fileset sources_1
reset_run synth_1
launch_runs impl_1 -to_step write_bitstream -jobs 4
INFO: [Vivado 12-4149] The synthesis checkpoint for IP 'F:/COD/CPUsort/CPU.srcs/sources_1/ip/clk_wiz_1/clk_wiz_1.xci' is already up-to-date
[Wed May 29 23:06:47 2019] Launched synth_1...
Run output will be captured here: F:/COD/CPUsort/CPU.runs/synth_1/runme.log
[Wed May 29 23:06:47 2019] Launched impl_1...
Run output will be captured here: F:/COD/CPUsort/CPU.runs/impl_1/runme.log
reorder_files -fileset constrs_1 -before F:/COD/CPUsort/CPU.srcs/constrs_1/imports/COD/Nexys4DDR_Master.xdc F:/COD/CPUsort/CPU.srcs/constrs_1/imports/COD/Nexys4DDR_Master.xdc
reset_run synth_1
launch_runs impl_1 -to_step write_bitstream -jobs 4
INFO: [Vivado 12-4149] The synthesis checkpoint for IP 'F:/COD/CPUsort/CPU.srcs/sources_1/ip/clk_wiz_1/clk_wiz_1.xci' is already up-to-date
[Wed May 29 23:10:39 2019] Launched synth_1...
Run output will be captured here: F:/COD/CPUsort/CPU.runs/synth_1/runme.log
[Wed May 29 23:10:39 2019] Launched impl_1...
Run output will be captured here: F:/COD/CPUsort/CPU.runs/impl_1/runme.log
open_hw
connect_hw_server
INFO: [Labtools 27-2285] Connecting to hw_server url TCP:localhost:3121
INFO: [Labtools 27-2222] Launching hw_server...
INFO: [Labtools 27-2221] Launch Output:

****** Xilinx hw_server v2018.3
  **** Build date : Dec  7 2018-00:40:27
    ** Copyright 1986-2018 Xilinx, Inc. All Rights Reserved.


open_hw_target
INFO: [Labtoolstcl 44-466] Opening hw_target localhost:3121/xilinx_tcf/Digilent/210292A6EC7EA
set_property PROGRAM.FILE {F:/COD/CPUsort/CPU.runs/impl_1/top_module.bit} [get_hw_devices xc7a100t_0]
current_hw_device [get_hw_devices xc7a100t_0]
refresh_hw_device -update_hw_probes false [lindex [get_hw_devices xc7a100t_0] 0]
INFO: [Labtools 27-1434] Device xc7a100t (JTAG device index = 0) is programmed with a design that has no supported debug core(s) in it.
set_property PROBES.FILE {} [get_hw_devices xc7a100t_0]
set_property FULL_PROBES.FILE {} [get_hw_devices xc7a100t_0]
set_property PROGRAM.FILE {F:/COD/CPUsort/CPU.runs/impl_1/top_module.bit} [get_hw_devices xc7a100t_0]
program_hw_devices [get_hw_devices xc7a100t_0]
INFO: [Labtools 27-3164] End of startup status: HIGH
refresh_hw_device [lindex [get_hw_devices xc7a100t_0] 0]
INFO: [Labtools 27-1434] Device xc7a100t (JTAG device index = 0) is programmed with a design that has no supported debug core(s) in it.
set_property PROBES.FILE {} [get_hw_devices xc7a100t_0]
set_property FULL_PROBES.FILE {} [get_hw_devices xc7a100t_0]
set_property PROGRAM.FILE {F:/COD/CPUsort/CPU.runs/impl_1/top_module.bit} [get_hw_devices xc7a100t_0]
program_hw_devices [get_hw_devices xc7a100t_0]
INFO: [Labtools 27-3164] End of startup status: HIGH
refresh_hw_device [lindex [get_hw_devices xc7a100t_0] 0]
INFO: [Labtools 27-1434] Device xc7a100t (JTAG device index = 0) is programmed with a design that has no supported debug core(s) in it.
set_property PROBES.FILE {} [get_hw_devices xc7a100t_0]
set_property FULL_PROBES.FILE {} [get_hw_devices xc7a100t_0]
set_property PROGRAM.FILE {F:/COD/CPUsort/CPU.runs/impl_1/top_module.bit} [get_hw_devices xc7a100t_0]
program_hw_devices [get_hw_devices xc7a100t_0]
INFO: [Labtools 27-3164] End of startup status: HIGH
refresh_hw_device [lindex [get_hw_devices xc7a100t_0] 0]
INFO: [Labtools 27-1434] Device xc7a100t (JTAG device index = 0) is programmed with a design that has no supported debug core(s) in it.
reset_run synth_1
launch_runs impl_1 -to_step write_bitstream -jobs 4
INFO: [Vivado 12-4149] The synthesis checkpoint for IP 'F:/COD/CPUsort/CPU.srcs/sources_1/ip/clk_wiz_1/clk_wiz_1.xci' is already up-to-date
[Wed May 29 23:30:16 2019] Launched synth_1...
Run output will be captured here: F:/COD/CPUsort/CPU.runs/synth_1/runme.log
[Wed May 29 23:30:16 2019] Launched impl_1...
Run output will be captured here: F:/COD/CPUsort/CPU.runs/impl_1/runme.log
reset_run synth_1
launch_runs impl_1 -to_step write_bitstream -jobs 4
INFO: [Vivado 12-4149] The synthesis checkpoint for IP 'F:/COD/CPUsort/CPU.srcs/sources_1/ip/clk_wiz_1/clk_wiz_1.xci' is already up-to-date
[Wed May 29 23:35:56 2019] Launched synth_1...
Run output will be captured here: F:/COD/CPUsort/CPU.runs/synth_1/runme.log
[Wed May 29 23:35:56 2019] Launched impl_1...
Run output will be captured here: F:/COD/CPUsort/CPU.runs/impl_1/runme.log
exit
INFO: [Common 17-206] Exiting Vivado at Wed May 29 23:39:53 2019...
