Copyright 1986-2018 Xilinx, Inc. All Rights Reserved.
------------------------------------------------------------------------------------
| Tool Version : Vivado v.2018.3 (lin64) Build 2405991 Thu Dec  6 23:36:41 MST 2018
| Date         : Wed May 29 12:00:12 2019
| Host         : YC-YOGA running 64-bit Ubuntu 18.04.2 LTS
| Command      : report_control_sets -verbose -file top_control_sets_placed.rpt
| Design       : top
| Device       : xc7a100t
------------------------------------------------------------------------------------

Control Set Information

Table of Contents
-----------------
1. Summary
2. Histogram
3. Flip-Flop Distribution
4. Detailed Control Set Information

1. Summary
----------

+----------------------------------------------------------+-------+
|                          Status                          | Count |
+----------------------------------------------------------+-------+
| Number of unique control sets                            |    11 |
| Unused register locations in slices containing registers |    60 |
+----------------------------------------------------------+-------+


2. Histogram
------------

+--------+--------------+
| Fanout | Control Sets |
+--------+--------------+
|      1 |            5 |
|      4 |            2 |
|      5 |            1 |
|      9 |            1 |
|    16+ |            2 |
+--------+--------------+


3. Flip-Flop Distribution
-------------------------

+--------------+-----------------------+------------------------+-----------------+--------------+
| Clock Enable | Synchronous Set/Reset | Asynchronous Set/Reset | Total Registers | Total Slices |
+--------------+-----------------------+------------------------+-----------------+--------------+
| No           | No                    | No                     |              35 |           15 |
| No           | No                    | Yes                    |               0 |            0 |
| No           | Yes                   | No                     |               4 |            2 |
| Yes          | No                    | No                     |              36 |           10 |
| Yes          | No                    | Yes                    |               0 |            0 |
| Yes          | Yes                   | No                     |               9 |            2 |
+--------------+-----------------------+------------------------+-----------------+--------------+


4. Detailed Control Set Information
-----------------------------------

+--------------------------------------------+-----------------------------------------------------+---------------------------------------------+------------------+----------------+
|                Clock Signal                |                    Enable Signal                    |               Set/Reset Signal              | Slice Load Count | Bel Load Count |
+--------------------------------------------+-----------------------------------------------------+---------------------------------------------+------------------+----------------+
|  CLK50MHZ                                  |                                                     |                                             |                1 |              1 |
|  CLK50MHZ                                  | Keyboard/key_data_debounce/delay_i_1__0_n_0         |                                             |                1 |              1 |
|  CLK50MHZ                                  | Keyboard/key_data_debounce/signal_stable_i_1__0_n_0 |                                             |                1 |              1 |
|  CLK50MHZ                                  | Keyboard/key_clock_debounce/clear                   |                                             |                1 |              1 |
|  CLK50MHZ                                  | Keyboard/key_clock_debounce/signal_stable_i_1_n_0   |                                             |                1 |              1 |
|  CLK50MHZ                                  |                                                     | Keyboard/key_clock_debounce/clear           |                2 |              4 |
| ~Keyboard/key_clock_debounce/signal_stable | Keyboard/Count                                      | Keyboard/Count[3]_i_1__1_n_0                |                1 |              4 |
|  CLK50MHZ                                  | Keyboard/key_data_debounce/Count[4]_i_1__0_n_0      | Keyboard/key_data_debounce/delay_i_1__0_n_0 |                1 |              5 |
| ~Keyboard/key_clock_debounce/signal_stable |                                                     |                                             |                5 |              9 |
|  CLK100MHZ_IBUF_BUFG                       |                                                     |                                             |                9 |             25 |
|  flag_BUFG                                 | Keyboard/key_code[31]_i_1_n_0                       |                                             |                6 |             32 |
+--------------------------------------------+-----------------------------------------------------+---------------------------------------------+------------------+----------------+


