
*** Running vivado
    with args -log MouseDemo_top.vds -m64 -product Vivado -mode batch -messageDb vivado.pb -notrace -source MouseDemo_top.tcl


****** Vivado v2018.3 (64-bit)
  **** SW Build 2405991 on Thu Dec  6 23:36:41 MST 2018
  **** IP Build 2404404 on Fri Dec  7 01:43:56 MST 2018
    ** Copyright 1986-2018 Xilinx, Inc. All Rights Reserved.

Sourcing tcl script '/home/lyc/.Xilinx/Vivado/Vivado_init.tcl'
source MouseDemo_top.tcl -notrace
Command: synth_design -top MouseDemo_top -part xc7a100tcsg324-1
Starting synth_design
Attempting to get a license for feature 'Synthesis' and/or device 'xc7a100t'
INFO: [Common 17-349] Got license for feature 'Synthesis' and/or device 'xc7a100t'
INFO: Launching helper process for spawning children vivado processes
INFO: Helper process launched with PID 7079 
---------------------------------------------------------------------------------
Starting RTL Elaboration : Time (s): cpu = 00:00:02 ; elapsed = 00:00:02 . Memory (MB): peak = 1389.250 ; gain = 0.000 ; free physical = 3816 ; free virtual = 9568
---------------------------------------------------------------------------------
INFO: [Synth 8-6157] synthesizing module 'MouseDemo_top' [/home/lyc/Vivado/lab6/MouseDemo/MouseDemo.srcs/sources_1/new/MouseDemo_top.v:23]
INFO: [Synth 8-6157] synthesizing module 'PS2_Receiver_Mouse' [/home/lyc/Vivado/lab6/MouseDemo/MouseDemo.srcs/sources_1/imports/sources_1/imports/hdl/PS2Receiver.v:196]
INFO: [Synth 8-6157] synthesizing module 'Debouncer' [/home/lyc/Vivado/lab6/MouseDemo/MouseDemo.srcs/sources_1/imports/sources_1/new/Debouncer.v:23]
INFO: [Synth 8-6155] done synthesizing module 'Debouncer' (1#1) [/home/lyc/Vivado/lab6/MouseDemo/MouseDemo.srcs/sources_1/imports/sources_1/new/Debouncer.v:23]
INFO: [Synth 8-6155] done synthesizing module 'PS2_Receiver_Mouse' (2#1) [/home/lyc/Vivado/lab6/MouseDemo/MouseDemo.srcs/sources_1/imports/sources_1/imports/hdl/PS2Receiver.v:196]
INFO: [Synth 8-6157] synthesizing module 'Seg7_Hexadecimal' [/home/lyc/Vivado/lab6/MouseDemo/MouseDemo.srcs/sources_1/imports/hdl/Seg_7_Display.v:21]
INFO: [Synth 8-226] default block is never used [/home/lyc/Vivado/lab6/MouseDemo/MouseDemo.srcs/sources_1/imports/hdl/Seg_7_Display.v:43]
INFO: [Synth 8-226] default block is never used [/home/lyc/Vivado/lab6/MouseDemo/MouseDemo.srcs/sources_1/imports/hdl/Seg_7_Display.v:60]
INFO: [Synth 8-6155] done synthesizing module 'Seg7_Hexadecimal' (3#1) [/home/lyc/Vivado/lab6/MouseDemo/MouseDemo.srcs/sources_1/imports/hdl/Seg_7_Display.v:21]
INFO: [Synth 8-6155] done synthesizing module 'MouseDemo_top' (4#1) [/home/lyc/Vivado/lab6/MouseDemo/MouseDemo.srcs/sources_1/new/MouseDemo_top.v:23]
---------------------------------------------------------------------------------
Finished RTL Elaboration : Time (s): cpu = 00:00:02 ; elapsed = 00:00:03 . Memory (MB): peak = 1416.484 ; gain = 27.234 ; free physical = 3825 ; free virtual = 9578
---------------------------------------------------------------------------------

Report Check Netlist: 
+------+------------------+-------+---------+-------+------------------+
|      |Item              |Errors |Warnings |Status |Description       |
+------+------------------+-------+---------+-------+------------------+
|1     |multi_driven_nets |      0|        0|Passed |Multi driven nets |
+------+------------------+-------+---------+-------+------------------+
WARNING: [Synth 8-3295] tying undriven pin sevenSeg:FullData[31] to constant 0 [/home/lyc/Vivado/lab6/MouseDemo/MouseDemo.srcs/sources_1/new/MouseDemo_top.v:50]
WARNING: [Synth 8-3295] tying undriven pin sevenSeg:FullData[30] to constant 0 [/home/lyc/Vivado/lab6/MouseDemo/MouseDemo.srcs/sources_1/new/MouseDemo_top.v:50]
WARNING: [Synth 8-3295] tying undriven pin sevenSeg:FullData[29] to constant 0 [/home/lyc/Vivado/lab6/MouseDemo/MouseDemo.srcs/sources_1/new/MouseDemo_top.v:50]
WARNING: [Synth 8-3295] tying undriven pin sevenSeg:FullData[28] to constant 0 [/home/lyc/Vivado/lab6/MouseDemo/MouseDemo.srcs/sources_1/new/MouseDemo_top.v:50]
WARNING: [Synth 8-3295] tying undriven pin sevenSeg:FullData[27] to constant 0 [/home/lyc/Vivado/lab6/MouseDemo/MouseDemo.srcs/sources_1/new/MouseDemo_top.v:50]
WARNING: [Synth 8-3295] tying undriven pin sevenSeg:FullData[26] to constant 0 [/home/lyc/Vivado/lab6/MouseDemo/MouseDemo.srcs/sources_1/new/MouseDemo_top.v:50]
WARNING: [Synth 8-3295] tying undriven pin sevenSeg:FullData[25] to constant 0 [/home/lyc/Vivado/lab6/MouseDemo/MouseDemo.srcs/sources_1/new/MouseDemo_top.v:50]
WARNING: [Synth 8-3295] tying undriven pin sevenSeg:FullData[24] to constant 0 [/home/lyc/Vivado/lab6/MouseDemo/MouseDemo.srcs/sources_1/new/MouseDemo_top.v:50]
---------------------------------------------------------------------------------
Start Handling Custom Attributes
---------------------------------------------------------------------------------
---------------------------------------------------------------------------------
Finished Handling Custom Attributes : Time (s): cpu = 00:00:03 ; elapsed = 00:00:03 . Memory (MB): peak = 1416.484 ; gain = 27.234 ; free physical = 3825 ; free virtual = 9578
---------------------------------------------------------------------------------
---------------------------------------------------------------------------------
Finished RTL Optimization Phase 1 : Time (s): cpu = 00:00:03 ; elapsed = 00:00:03 . Memory (MB): peak = 1416.484 ; gain = 27.234 ; free physical = 3825 ; free virtual = 9578
---------------------------------------------------------------------------------
INFO: [Device 21-403] Loading part xc7a100tcsg324-1
INFO: [Project 1-570] Preparing netlist for logic optimization

Processing XDC Constraints
Initializing timing engine
Parsing XDC File [/home/lyc/Vivado/lab6/MouseDemo/MouseDemo.srcs/constrs_1/imports/Vivado/Nexys4DDR_Master.xdc]
Finished Parsing XDC File [/home/lyc/Vivado/lab6/MouseDemo/MouseDemo.srcs/constrs_1/imports/Vivado/Nexys4DDR_Master.xdc]
INFO: [Project 1-236] Implementation specific constraints were found while reading constraint file [/home/lyc/Vivado/lab6/MouseDemo/MouseDemo.srcs/constrs_1/imports/Vivado/Nexys4DDR_Master.xdc]. These constraints will be ignored for synthesis but will be used in implementation. Impacted constraints are listed in the file [.Xil/MouseDemo_top_propImpl.xdc].
Resolution: To avoid this warning, move constraints listed in [.Xil/MouseDemo_top_propImpl.xdc] to another XDC file and exclude this new file from synthesis with the used_in_synthesis property (File Properties dialog in GUI) and re-run elaboration/synthesis.
Netlist sorting complete. Time (s): cpu = 00:00:00 ; elapsed = 00:00:00 . Memory (MB): peak = 1748.352 ; gain = 0.000 ; free physical = 3480 ; free virtual = 9297
Completed Processing XDC Constraints

Netlist sorting complete. Time (s): cpu = 00:00:00 ; elapsed = 00:00:00 . Memory (MB): peak = 1748.352 ; gain = 0.000 ; free physical = 3480 ; free virtual = 9297
INFO: [Project 1-111] Unisim Transformation Summary:
No Unisim elements were transformed.

Netlist sorting complete. Time (s): cpu = 00:00:00 ; elapsed = 00:00:00 . Memory (MB): peak = 1748.352 ; gain = 0.000 ; free physical = 3480 ; free virtual = 9297
Constraint Validation Runtime : Time (s): cpu = 00:00:00 ; elapsed = 00:00:00 . Memory (MB): peak = 1748.352 ; gain = 0.000 ; free physical = 3480 ; free virtual = 9297
---------------------------------------------------------------------------------
Finished Constraint Validation : Time (s): cpu = 00:00:08 ; elapsed = 00:00:10 . Memory (MB): peak = 1748.352 ; gain = 359.102 ; free physical = 3564 ; free virtual = 9381
---------------------------------------------------------------------------------
---------------------------------------------------------------------------------
Start Loading Part and Timing Information
---------------------------------------------------------------------------------
Loading part: xc7a100tcsg324-1
---------------------------------------------------------------------------------
Finished Loading Part and Timing Information : Time (s): cpu = 00:00:08 ; elapsed = 00:00:10 . Memory (MB): peak = 1748.352 ; gain = 359.102 ; free physical = 3564 ; free virtual = 9381
---------------------------------------------------------------------------------
---------------------------------------------------------------------------------
Start Applying 'set_property' XDC Constraints
---------------------------------------------------------------------------------
---------------------------------------------------------------------------------
Finished applying 'set_property' XDC Constraints : Time (s): cpu = 00:00:08 ; elapsed = 00:00:10 . Memory (MB): peak = 1748.352 ; gain = 359.102 ; free physical = 3566 ; free virtual = 9383
---------------------------------------------------------------------------------
INFO: [Synth 8-5546] ROM "signal_stable" won't be mapped to RAM because it is too sparse
INFO: [Synth 8-5546] ROM "Count" won't be mapped to RAM because it is too sparse
INFO: [Synth 8-5546] ROM "flag" won't be mapped to RAM because it is too sparse
INFO: [Synth 8-5546] ROM "Count" won't be mapped to RAM because it is too sparse
---------------------------------------------------------------------------------
Finished RTL Optimization Phase 2 : Time (s): cpu = 00:00:08 ; elapsed = 00:00:10 . Memory (MB): peak = 1748.352 ; gain = 359.102 ; free physical = 3582 ; free virtual = 9376
---------------------------------------------------------------------------------

Report RTL Partitions: 
+-+--------------+------------+----------+
| |RTL Partition |Replication |Instances |
+-+--------------+------------+----------+
+-+--------------+------------+----------+
---------------------------------------------------------------------------------
Start RTL Component Statistics 
---------------------------------------------------------------------------------
Detailed RTL Component Info : 
+---Adders : 
	   2 Input     32 Bit       Adders := 3     
	   2 Input      6 Bit       Adders := 1     
	   2 Input      5 Bit       Adders := 2     
+---Registers : 
	               24 Bit    Registers := 2     
	                8 Bit    Registers := 3     
	                6 Bit    Registers := 1     
	                5 Bit    Registers := 2     
	                4 Bit    Registers := 1     
	                1 Bit    Registers := 6     
+---Muxes : 
	   2 Input     24 Bit        Muxes := 5     
	  10 Input     24 Bit        Muxes := 1     
	   2 Input      6 Bit        Muxes := 1     
	   2 Input      1 Bit        Muxes := 6     
	   3 Input      1 Bit        Muxes := 1     
	  10 Input      1 Bit        Muxes := 2     
---------------------------------------------------------------------------------
Finished RTL Component Statistics 
---------------------------------------------------------------------------------
---------------------------------------------------------------------------------
Start RTL Hierarchical Component Statistics 
---------------------------------------------------------------------------------
Hierarchical RTL Component report 
Module MouseDemo_top 
Detailed RTL Component Info : 
+---Registers : 
	                1 Bit    Registers := 1     
Module Debouncer 
Detailed RTL Component Info : 
+---Adders : 
	   2 Input      5 Bit       Adders := 1     
+---Registers : 
	                5 Bit    Registers := 1     
	                1 Bit    Registers := 2     
+---Muxes : 
	   2 Input      1 Bit        Muxes := 2     
Module PS2_Receiver_Mouse 
Detailed RTL Component Info : 
+---Adders : 
	   2 Input     32 Bit       Adders := 3     
	   2 Input      6 Bit       Adders := 1     
+---Registers : 
	               24 Bit    Registers := 2     
	                8 Bit    Registers := 3     
	                6 Bit    Registers := 1     
	                1 Bit    Registers := 1     
+---Muxes : 
	   2 Input     24 Bit        Muxes := 5     
	  10 Input     24 Bit        Muxes := 1     
	   2 Input      6 Bit        Muxes := 1     
	   3 Input      1 Bit        Muxes := 1     
	   2 Input      1 Bit        Muxes := 2     
	  10 Input      1 Bit        Muxes := 2     
Module Seg7_Hexadecimal 
Detailed RTL Component Info : 
+---Registers : 
	                4 Bit    Registers := 1     
---------------------------------------------------------------------------------
Finished RTL Hierarchical Component Statistics
---------------------------------------------------------------------------------
---------------------------------------------------------------------------------
Start Part Resource Summary
---------------------------------------------------------------------------------
Part Resources:
DSPs: 240 (col length:80)
BRAMs: 270 (col length: RAMB18 80 RAMB36 40)
---------------------------------------------------------------------------------
Finished Part Resource Summary
---------------------------------------------------------------------------------
---------------------------------------------------------------------------------
Start Cross Boundary and Area Optimization
---------------------------------------------------------------------------------
Warning: Parallel synthesis criteria is not met 
INFO: [Synth 8-5546] ROM "Mouse/flag" won't be mapped to RAM because it is too sparse
WARNING: [Synth 8-3917] design MouseDemo_top has port DP driven by constant 1
INFO: [Synth 8-3886] merging instance 'Mouse/Data_previous_reg[0]' (FDE) to 'Mouse/y_reg[0]'
INFO: [Synth 8-3886] merging instance 'Mouse/Data_previous_reg[1]' (FDE) to 'Mouse/y_reg[1]'
INFO: [Synth 8-3886] merging instance 'Mouse/Data_previous_reg[2]' (FDE) to 'Mouse/y_reg[2]'
INFO: [Synth 8-3886] merging instance 'Mouse/Data_previous_reg[3]' (FDE) to 'Mouse/y_reg[3]'
INFO: [Synth 8-3886] merging instance 'Mouse/Data_previous_reg[4]' (FDE) to 'Mouse/y_reg[4]'
INFO: [Synth 8-3886] merging instance 'Mouse/Data_previous_reg[5]' (FDE) to 'Mouse/y_reg[5]'
INFO: [Synth 8-3886] merging instance 'Mouse/Data_previous_reg[6]' (FDE) to 'Mouse/y_reg[6]'
INFO: [Synth 8-3886] merging instance 'Mouse/Data_previous_reg[7]' (FDE) to 'Mouse/y_reg[7]'
INFO: [Synth 8-3886] merging instance 'Mouse/Data_previous_reg[8]' (FDE) to 'Mouse/x_reg[0]'
INFO: [Synth 8-3886] merging instance 'Mouse/Data_previous_reg[9]' (FDE) to 'Mouse/x_reg[1]'
INFO: [Synth 8-3886] merging instance 'Mouse/Data_previous_reg[10]' (FDE) to 'Mouse/x_reg[2]'
INFO: [Synth 8-3886] merging instance 'Mouse/Data_previous_reg[11]' (FDE) to 'Mouse/x_reg[3]'
INFO: [Synth 8-3886] merging instance 'Mouse/Data_previous_reg[12]' (FDE) to 'Mouse/x_reg[4]'
INFO: [Synth 8-3886] merging instance 'Mouse/Data_previous_reg[13]' (FDE) to 'Mouse/x_reg[5]'
INFO: [Synth 8-3886] merging instance 'Mouse/Data_previous_reg[14]' (FDE) to 'Mouse/x_reg[6]'
INFO: [Synth 8-3886] merging instance 'Mouse/Data_previous_reg[15]' (FDE) to 'Mouse/x_reg[7]'
INFO: [Synth 8-3886] merging instance 'Mouse/Data_previous_reg[16]' (FDE) to 'Mouse/status_reg[0]'
INFO: [Synth 8-3886] merging instance 'Mouse/Data_previous_reg[17]' (FDE) to 'Mouse/status_reg[1]'
INFO: [Synth 8-3886] merging instance 'Mouse/Data_previous_reg[18]' (FDE) to 'Mouse/status_reg[2]'
INFO: [Synth 8-3886] merging instance 'Mouse/Data_previous_reg[19]' (FDE) to 'Mouse/status_reg[3]'
INFO: [Synth 8-3886] merging instance 'Mouse/Data_previous_reg[20]' (FDE) to 'Mouse/status_reg[4]'
INFO: [Synth 8-3886] merging instance 'Mouse/Data_previous_reg[21]' (FDE) to 'Mouse/status_reg[5]'
INFO: [Synth 8-3886] merging instance 'Mouse/Data_previous_reg[22]' (FDE) to 'Mouse/status_reg[6]'
INFO: [Synth 8-3886] merging instance 'Mouse/Data_previous_reg[23]' (FDE) to 'Mouse/status_reg[7]'
INFO: [Synth 8-3333] propagating constant 0 across sequential element (\Mouse/Data_current_reg[8] )
INFO: [Synth 8-3333] propagating constant 0 across sequential element (\Mouse/Data_current_reg[9] )
INFO: [Synth 8-3333] propagating constant 0 across sequential element (\Mouse/Data_current_reg[10] )
INFO: [Synth 8-3333] propagating constant 0 across sequential element (\Mouse/Data_current_reg[11] )
INFO: [Synth 8-3333] propagating constant 0 across sequential element (\Mouse/Data_current_reg[12] )
INFO: [Synth 8-3333] propagating constant 0 across sequential element (\Mouse/Data_current_reg[13] )
INFO: [Synth 8-3333] propagating constant 0 across sequential element (\Mouse/Data_current_reg[14] )
INFO: [Synth 8-3333] propagating constant 0 across sequential element (\Mouse/Data_current_reg[15] )
INFO: [Synth 8-3333] propagating constant 0 across sequential element (\Mouse/Data_current_reg[16] )
INFO: [Synth 8-3333] propagating constant 0 across sequential element (\Mouse/Data_current_reg[17] )
INFO: [Synth 8-3333] propagating constant 0 across sequential element (\Mouse/Data_current_reg[18] )
INFO: [Synth 8-3333] propagating constant 0 across sequential element (\Mouse/Data_current_reg[19] )
INFO: [Synth 8-3333] propagating constant 0 across sequential element (\Mouse/Data_current_reg[20] )
INFO: [Synth 8-3333] propagating constant 0 across sequential element (\Mouse/Data_current_reg[21] )
INFO: [Synth 8-3333] propagating constant 0 across sequential element (\Mouse/Data_current_reg[22] )
INFO: [Synth 8-3333] propagating constant 0 across sequential element (\Mouse/Data_current_reg[23] )
INFO: [Synth 8-3886] merging instance 'Mouse/status_reg[4]' (FDE) to 'Mouse/x_reg[0]'
INFO: [Synth 8-3886] merging instance 'Mouse/status_reg[0]' (FDE) to 'Mouse/x_reg[0]'
INFO: [Synth 8-3886] merging instance 'Mouse/x_reg[4]' (FDE) to 'Mouse/x_reg[0]'
INFO: [Synth 8-3886] merging instance 'Mouse/x_reg[0]' (FDE) to 'Mouse/x_reg[1]'
INFO: [Synth 8-3886] merging instance 'Mouse/status_reg[5]' (FDE) to 'Mouse/x_reg[1]'
INFO: [Synth 8-3886] merging instance 'Mouse/status_reg[1]' (FDE) to 'Mouse/x_reg[1]'
INFO: [Synth 8-3886] merging instance 'Mouse/x_reg[5]' (FDE) to 'Mouse/x_reg[1]'
INFO: [Synth 8-3886] merging instance 'Mouse/x_reg[1]' (FDE) to 'Mouse/x_reg[2]'
INFO: [Synth 8-3886] merging instance 'Mouse/status_reg[6]' (FDE) to 'Mouse/x_reg[2]'
INFO: [Synth 8-3886] merging instance 'Mouse/status_reg[2]' (FDE) to 'Mouse/x_reg[2]'
INFO: [Synth 8-3886] merging instance 'Mouse/x_reg[6]' (FDE) to 'Mouse/x_reg[2]'
INFO: [Synth 8-3886] merging instance 'Mouse/x_reg[2]' (FDE) to 'Mouse/x_reg[3]'
INFO: [Synth 8-3886] merging instance 'Mouse/status_reg[7]' (FDE) to 'Mouse/x_reg[3]'
INFO: [Synth 8-3886] merging instance 'Mouse/status_reg[3]' (FDE) to 'Mouse/x_reg[3]'
INFO: [Synth 8-3886] merging instance 'Mouse/x_reg[7]' (FDE) to 'Mouse/x_reg[3]'
INFO: [Synth 8-3333] propagating constant 0 across sequential element (\Mouse/x_reg[3] )
---------------------------------------------------------------------------------
Finished Cross Boundary and Area Optimization : Time (s): cpu = 00:00:09 ; elapsed = 00:00:11 . Memory (MB): peak = 1748.352 ; gain = 359.102 ; free physical = 3567 ; free virtual = 9364
---------------------------------------------------------------------------------

Report RTL Partitions: 
+-+--------------+------------+----------+
| |RTL Partition |Replication |Instances |
+-+--------------+------------+----------+
+-+--------------+------------+----------+
---------------------------------------------------------------------------------
Start Applying XDC Timing Constraints
---------------------------------------------------------------------------------
---------------------------------------------------------------------------------
Finished Applying XDC Timing Constraints : Time (s): cpu = 00:00:14 ; elapsed = 00:00:16 . Memory (MB): peak = 1748.352 ; gain = 359.102 ; free physical = 3443 ; free virtual = 9239
---------------------------------------------------------------------------------
---------------------------------------------------------------------------------
Start Timing Optimization
---------------------------------------------------------------------------------
---------------------------------------------------------------------------------
Finished Timing Optimization : Time (s): cpu = 00:00:14 ; elapsed = 00:00:16 . Memory (MB): peak = 1748.352 ; gain = 359.102 ; free physical = 3442 ; free virtual = 9238
---------------------------------------------------------------------------------

Report RTL Partitions: 
+-+--------------+------------+----------+
| |RTL Partition |Replication |Instances |
+-+--------------+------------+----------+
+-+--------------+------------+----------+
---------------------------------------------------------------------------------
Start Technology Mapping
---------------------------------------------------------------------------------
---------------------------------------------------------------------------------
Finished Technology Mapping : Time (s): cpu = 00:00:14 ; elapsed = 00:00:16 . Memory (MB): peak = 1748.352 ; gain = 359.102 ; free physical = 3441 ; free virtual = 9237
---------------------------------------------------------------------------------

Report RTL Partitions: 
+-+--------------+------------+----------+
| |RTL Partition |Replication |Instances |
+-+--------------+------------+----------+
+-+--------------+------------+----------+
---------------------------------------------------------------------------------
Start IO Insertion
---------------------------------------------------------------------------------
---------------------------------------------------------------------------------
Start Flattening Before IO Insertion
---------------------------------------------------------------------------------
---------------------------------------------------------------------------------
Finished Flattening Before IO Insertion
---------------------------------------------------------------------------------
---------------------------------------------------------------------------------
Start Final Netlist Cleanup
---------------------------------------------------------------------------------
---------------------------------------------------------------------------------
Finished Final Netlist Cleanup
---------------------------------------------------------------------------------
---------------------------------------------------------------------------------
Finished IO Insertion : Time (s): cpu = 00:00:14 ; elapsed = 00:00:16 . Memory (MB): peak = 1748.352 ; gain = 359.102 ; free physical = 3441 ; free virtual = 9238
---------------------------------------------------------------------------------

Report Check Netlist: 
+------+------------------+-------+---------+-------+------------------+
|      |Item              |Errors |Warnings |Status |Description       |
+------+------------------+-------+---------+-------+------------------+
|1     |multi_driven_nets |      0|        0|Passed |Multi driven nets |
+------+------------------+-------+---------+-------+------------------+
---------------------------------------------------------------------------------
Start Renaming Generated Instances
---------------------------------------------------------------------------------
---------------------------------------------------------------------------------
Finished Renaming Generated Instances : Time (s): cpu = 00:00:14 ; elapsed = 00:00:16 . Memory (MB): peak = 1748.352 ; gain = 359.102 ; free physical = 3441 ; free virtual = 9238
---------------------------------------------------------------------------------

Report RTL Partitions: 
+-+--------------+------------+----------+
| |RTL Partition |Replication |Instances |
+-+--------------+------------+----------+
+-+--------------+------------+----------+
---------------------------------------------------------------------------------
Start Rebuilding User Hierarchy
---------------------------------------------------------------------------------
---------------------------------------------------------------------------------
Finished Rebuilding User Hierarchy : Time (s): cpu = 00:00:14 ; elapsed = 00:00:16 . Memory (MB): peak = 1748.352 ; gain = 359.102 ; free physical = 3441 ; free virtual = 9238
---------------------------------------------------------------------------------
---------------------------------------------------------------------------------
Start Renaming Generated Ports
---------------------------------------------------------------------------------
---------------------------------------------------------------------------------
Finished Renaming Generated Ports : Time (s): cpu = 00:00:14 ; elapsed = 00:00:16 . Memory (MB): peak = 1748.352 ; gain = 359.102 ; free physical = 3441 ; free virtual = 9238
---------------------------------------------------------------------------------
---------------------------------------------------------------------------------
Start Handling Custom Attributes
---------------------------------------------------------------------------------
---------------------------------------------------------------------------------
Finished Handling Custom Attributes : Time (s): cpu = 00:00:14 ; elapsed = 00:00:16 . Memory (MB): peak = 1748.352 ; gain = 359.102 ; free physical = 3441 ; free virtual = 9238
---------------------------------------------------------------------------------
---------------------------------------------------------------------------------
Start Renaming Generated Nets
---------------------------------------------------------------------------------
---------------------------------------------------------------------------------
Finished Renaming Generated Nets : Time (s): cpu = 00:00:14 ; elapsed = 00:00:16 . Memory (MB): peak = 1748.352 ; gain = 359.102 ; free physical = 3441 ; free virtual = 9238
---------------------------------------------------------------------------------
---------------------------------------------------------------------------------
Start Writing Synthesis Report
---------------------------------------------------------------------------------

Report BlackBoxes: 
+-+--------------+----------+
| |BlackBox name |Instances |
+-+--------------+----------+
+-+--------------+----------+

Report Cell Usage: 
+------+-------+------+
|      |Cell   |Count |
+------+-------+------+
|1     |BUFG   |     1|
|2     |CARRY4 |     6|
|3     |LUT1   |     4|
|4     |LUT2   |     4|
|5     |LUT3   |    20|
|6     |LUT4   |    15|
|7     |LUT5   |     7|
|8     |LUT6   |    16|
|9     |FDRE   |    61|
|10    |FDSE   |     1|
|11    |IBUF   |     3|
|12    |OBUF   |    16|
+------+-------+------+

Report Instance Areas: 
+------+-------------------------+-------------------+------+
|      |Instance                 |Module             |Cells |
+------+-------------------------+-------------------+------+
|1     |top                      |                   |   154|
|2     |  Mouse                  |PS2_Receiver_Mouse |    87|
|3     |    mouse_clock_debounce |Debouncer          |    14|
|4     |    mouse_data_debounce  |Debouncer_0        |    15|
|5     |  sevenSeg               |Seg7_Hexadecimal   |    45|
+------+-------------------------+-------------------+------+
---------------------------------------------------------------------------------
Finished Writing Synthesis Report : Time (s): cpu = 00:00:14 ; elapsed = 00:00:16 . Memory (MB): peak = 1748.352 ; gain = 359.102 ; free physical = 3441 ; free virtual = 9238
---------------------------------------------------------------------------------
Synthesis finished with 0 errors, 0 critical warnings and 1 warnings.
Synthesis Optimization Runtime : Time (s): cpu = 00:00:11 ; elapsed = 00:00:12 . Memory (MB): peak = 1748.352 ; gain = 27.234 ; free physical = 3494 ; free virtual = 9290
Synthesis Optimization Complete : Time (s): cpu = 00:00:14 ; elapsed = 00:00:16 . Memory (MB): peak = 1748.359 ; gain = 359.102 ; free physical = 3494 ; free virtual = 9290
INFO: [Project 1-571] Translating synthesized netlist
INFO: [Netlist 29-17] Analyzing 6 Unisim elements for replacement
INFO: [Netlist 29-28] Unisim Transformation completed in 0 CPU seconds
INFO: [Project 1-570] Preparing netlist for logic optimization
INFO: [Opt 31-138] Pushed 0 inverter(s) to 0 load pin(s).
Netlist sorting complete. Time (s): cpu = 00:00:00 ; elapsed = 00:00:00 . Memory (MB): peak = 1748.359 ; gain = 0.000 ; free physical = 3435 ; free virtual = 9232
INFO: [Project 1-111] Unisim Transformation Summary:
No Unisim elements were transformed.

INFO: [Common 17-83] Releasing license: Synthesis
83 Infos, 9 Warnings, 0 Critical Warnings and 0 Errors encountered.
synth_design completed successfully
synth_design: Time (s): cpu = 00:00:16 ; elapsed = 00:00:17 . Memory (MB): peak = 1748.359 ; gain = 359.375 ; free physical = 3492 ; free virtual = 9288
Netlist sorting complete. Time (s): cpu = 00:00:00 ; elapsed = 00:00:00 . Memory (MB): peak = 1748.359 ; gain = 0.000 ; free physical = 3492 ; free virtual = 9288
WARNING: [Constraints 18-5210] No constraints selected for write.
Resolution: This message can indicate that there are no constraints for the design, or it can indicate that the used_in flags are set such that the constraints are ignored. This later case is used when running synth_design to not write synthesis constraints to the resulting checkpoint. Instead, project constraints are read when the synthesized design is opened.
INFO: [Common 17-1381] The checkpoint '/home/lyc/Vivado/lab6/MouseDemo/MouseDemo.runs/synth_1/MouseDemo_top.dcp' has been generated.
INFO: [runtcl-4] Executing : report_utilization -file MouseDemo_top_utilization_synth.rpt -pb MouseDemo_top_utilization_synth.pb
INFO: [Common 17-206] Exiting Vivado at Wed May 29 22:23:06 2019...
